{"/Users/ironcandle1208/Documents/project/meals3/app/_layout.tsx": {"path":"/Users/ironcandle1208/Documents/project/meals3/app/_layout.tsx","statementMap":{"0":{"start":{"line":8,"column":20},"end":{"line":8,"column":37}},"1":{"start":{"line":11,"column":31},"end":{"line":11,"column":40}},"2":{"start":{"line":12,"column":19},"end":{"line":12,"column":32}},"3":{"start":{"line":13,"column":17},"end":{"line":13,"column":28}},"4":{"start":{"line":16,"column":2},"end":{"line":28,"column":35}},"5":{"start":{"line":17,"column":4},"end":{"line":17,"column":24}},"6":{"start":{"line":17,"column":17},"end":{"line":17,"column":24}},"7":{"start":{"line":19,"column":24},"end":{"line":19,"column":48}},"8":{"start":{"line":21,"column":4},"end":{"line":27,"column":5}},"9":{"start":{"line":23,"column":6},"end":{"line":23,"column":31}},"10":{"start":{"line":24,"column":11},"end":{"line":27,"column":5}},"11":{"start":{"line":26,"column":6},"end":{"line":26,"column":31}},"12":{"start":{"line":30,"column":2},"end":{"line":36,"column":3}},"13":{"start":{"line":31,"column":4},"end":{"line":35,"column":6}},"14":{"start":{"line":38,"column":2},"end":{"line":50,"column":4}},"15":{"start":{"line":54,"column":2},"end":{"line":59,"column":4}}},"fnMap":{"0":{"name":"RootLayoutNav","decl":{"start":{"line":10,"column":9},"end":{"line":10,"column":22}},"loc":{"start":{"line":10,"column":25},"end":{"line":51,"column":1}},"line":10},"1":{"name":"(anonymous_1)","decl":{"start":{"line":16,"column":12},"end":{"line":16,"column":13}},"loc":{"start":{"line":16,"column":18},"end":{"line":28,"column":3}},"line":16},"2":{"name":"RootLayout","decl":{"start":{"line":53,"column":24},"end":{"line":53,"column":34}},"loc":{"start":{"line":53,"column":37},"end":{"line":60,"column":1}},"line":53}},"branchMap":{"0":{"loc":{"start":{"line":17,"column":4},"end":{"line":17,"column":24}},"type":"if","locations":[{"start":{"line":17,"column":4},"end":{"line":17,"column":24}},{"start":{},"end":{}}],"line":17},"1":{"loc":{"start":{"line":21,"column":4},"end":{"line":27,"column":5}},"type":"if","locations":[{"start":{"line":21,"column":4},"end":{"line":27,"column":5}},{"start":{"line":24,"column":11},"end":{"line":27,"column":5}}],"line":21},"2":{"loc":{"start":{"line":21,"column":8},"end":{"line":21,"column":32}},"type":"binary-expr","locations":[{"start":{"line":21,"column":8},"end":{"line":21,"column":16}},{"start":{"line":21,"column":20},"end":{"line":21,"column":32}}],"line":21},"3":{"loc":{"start":{"line":24,"column":11},"end":{"line":27,"column":5}},"type":"if","locations":[{"start":{"line":24,"column":11},"end":{"line":27,"column":5}},{"start":{},"end":{}}],"line":24},"4":{"loc":{"start":{"line":24,"column":15},"end":{"line":24,"column":37}},"type":"binary-expr","locations":[{"start":{"line":24,"column":15},"end":{"line":24,"column":22}},{"start":{"line":24,"column":26},"end":{"line":24,"column":37}}],"line":24},"5":{"loc":{"start":{"line":30,"column":2},"end":{"line":36,"column":3}},"type":"if","locations":[{"start":{"line":30,"column":2},"end":{"line":36,"column":3}},{"start":{},"end":{}}],"line":30}},"s":{"0":0,"1":0,"2":0,"3":0,"4":0,"5":0,"6":0,"7":0,"8":0,"9":0,"10":0,"11":0,"12":0,"13":0,"14":0,"15":0},"f":{"0":0,"1":0,"2":0},"b":{"0":[0,0],"1":[0,0],"2":[0,0],"3":[0,0],"4":[0,0],"5":[0,0]}}
,"/Users/ironcandle1208/Documents/project/meals3/app/(app)/_layout.tsx": {"path":"/Users/ironcandle1208/Documents/project/meals3/app/(app)/_layout.tsx","statementMap":{"0":{"start":{"line":7,"column":17},"end":{"line":7,"column":28}},"1":{"start":{"line":9,"column":2},"end":{"line":95,"column":4}},"2":{"start":{"line":12,"column":8},"end":{"line":15,"column":10}},"3":{"start":{"line":14,"column":25},"end":{"line":14,"column":48}},"4":{"start":{"line":23,"column":12},"end":{"line":23,"column":76}},"5":{"start":{"line":32,"column":12},"end":{"line":32,"column":80}},"6":{"start":{"line":41,"column":12},"end":{"line":41,"column":76}}},"fnMap":{"0":{"name":"AppLayout","decl":{"start":{"line":6,"column":24},"end":{"line":6,"column":33}},"loc":{"start":{"line":6,"column":36},"end":{"line":96,"column":1}},"line":6},"1":{"name":"(anonymous_1)","decl":{"start":{"line":11,"column":19},"end":{"line":11,"column":20}},"loc":{"start":{"line":12,"column":8},"end":{"line":15,"column":10}},"line":12},"2":{"name":"(anonymous_2)","decl":{"start":{"line":14,"column":19},"end":{"line":14,"column":20}},"loc":{"start":{"line":14,"column":25},"end":{"line":14,"column":48}},"line":14},"3":{"name":"(anonymous_3)","decl":{"start":{"line":22,"column":22},"end":{"line":22,"column":23}},"loc":{"start":{"line":23,"column":12},"end":{"line":23,"column":76}},"line":23},"4":{"name":"(anonymous_4)","decl":{"start":{"line":31,"column":22},"end":{"line":31,"column":23}},"loc":{"start":{"line":32,"column":12},"end":{"line":32,"column":80}},"line":32},"5":{"name":"(anonymous_5)","decl":{"start":{"line":40,"column":22},"end":{"line":40,"column":23}},"loc":{"start":{"line":41,"column":12},"end":{"line":41,"column":76}},"line":41}},"branchMap":{},"s":{"0":0,"1":0,"2":0,"3":0,"4":0,"5":0,"6":0},"f":{"0":0,"1":0,"2":0,"3":0,"4":0,"5":0},"b":{}}
,"/Users/ironcandle1208/Documents/project/meals3/app/(app)/index.tsx": {"path":"/Users/ironcandle1208/Documents/project/meals3/app/(app)/index.tsx","statementMap":{"0":{"start":{"line":12,"column":17},"end":{"line":12,"column":28}},"1":{"start":{"line":13,"column":41},"end":{"line":13,"column":50}},"2":{"start":{"line":14,"column":30},"end":{"line":14,"column":51}},"3":{"start":{"line":15,"column":32},"end":{"line":15,"column":46}},"4":{"start":{"line":18,"column":22},"end":{"line":43,"column":3}},"5":{"start":{"line":20,"column":4},"end":{"line":23,"column":5}},"6":{"start":{"line":21,"column":6},"end":{"line":21,"column":24}},"7":{"start":{"line":22,"column":6},"end":{"line":22,"column":13}},"8":{"start":{"line":25,"column":4},"end":{"line":42,"column":5}},"9":{"start":{"line":26,"column":6},"end":{"line":26,"column":23}},"10":{"start":{"line":28,"column":30},"end":{"line":32,"column":58}},"11":{"start":{"line":34,"column":6},"end":{"line":34,"column":29}},"12":{"start":{"line":34,"column":17},"end":{"line":34,"column":29}},"13":{"start":{"line":36,"column":25},"end":{"line":36,"column":88}},"14":{"start":{"line":36,"column":43},"end":{"line":36,"column":54}},"15":{"start":{"line":37,"column":6},"end":{"line":37,"column":28}},"16":{"start":{"line":39,"column":6},"end":{"line":39,"column":53}},"17":{"start":{"line":41,"column":6},"end":{"line":41,"column":24}},"18":{"start":{"line":47,"column":2},"end":{"line":51,"column":4}},"19":{"start":{"line":49,"column":6},"end":{"line":49,"column":20}},"20":{"start":{"line":54,"column":27},"end":{"line":57,"column":3}},"21":{"start":{"line":55,"column":4},"end":{"line":55,"column":20}},"22":{"start":{"line":56,"column":4},"end":{"line":56,"column":28}},"23":{"start":{"line":59,"column":26},"end":{"line":63,"column":3}},"24":{"start":{"line":60,"column":4},"end":{"line":62,"column":11}},"25":{"start":{"line":60,"column":45},"end":{"line":60,"column":67}},"26":{"start":{"line":65,"column":2},"end":{"line":96,"column":4}},"27":{"start":{"line":70,"column":45},"end":{"line":70,"column":72}},"28":{"start":{"line":81,"column":34},"end":{"line":81,"column":41}},"29":{"start":{"line":92,"column":23},"end":{"line":92,"column":52}},"30":{"start":{"line":99,"column":15},"end":{"line":137,"column":2}}},"fnMap":{"0":{"name":"Index","decl":{"start":{"line":11,"column":24},"end":{"line":11,"column":29}},"loc":{"start":{"line":11,"column":32},"end":{"line":97,"column":1}},"line":11},"1":{"name":"(anonymous_1)","decl":{"start":{"line":18,"column":22},"end":{"line":18,"column":23}},"loc":{"start":{"line":18,"column":34},"end":{"line":43,"column":3}},"line":18},"2":{"name":"(anonymous_2)","decl":{"start":{"line":36,"column":35},"end":{"line":36,"column":36}},"loc":{"start":{"line":36,"column":43},"end":{"line":36,"column":54}},"line":36},"3":{"name":"(anonymous_3)","decl":{"start":{"line":48,"column":16},"end":{"line":48,"column":17}},"loc":{"start":{"line":48,"column":22},"end":{"line":50,"column":5}},"line":48},"4":{"name":"(anonymous_4)","decl":{"start":{"line":54,"column":27},"end":{"line":54,"column":28}},"loc":{"start":{"line":54,"column":45},"end":{"line":57,"column":3}},"line":54},"5":{"name":"(anonymous_5)","decl":{"start":{"line":59,"column":26},"end":{"line":59,"column":27}},"loc":{"start":{"line":60,"column":4},"end":{"line":62,"column":11}},"line":60},"6":{"name":"(anonymous_6)","decl":{"start":{"line":60,"column":39},"end":{"line":60,"column":40}},"loc":{"start":{"line":60,"column":45},"end":{"line":60,"column":67}},"line":60},"7":{"name":"(anonymous_7)","decl":{"start":{"line":70,"column":39},"end":{"line":70,"column":40}},"loc":{"start":{"line":70,"column":45},"end":{"line":70,"column":72}},"line":70},"8":{"name":"(anonymous_8)","decl":{"start":{"line":81,"column":24},"end":{"line":81,"column":25}},"loc":{"start":{"line":81,"column":34},"end":{"line":81,"column":41}},"line":81},"9":{"name":"(anonymous_9)","decl":{"start":{"line":92,"column":17},"end":{"line":92,"column":18}},"loc":{"start":{"line":92,"column":23},"end":{"line":92,"column":52}},"line":92}},"branchMap":{"0":{"loc":{"start":{"line":20,"column":4},"end":{"line":23,"column":5}},"type":"if","locations":[{"start":{"line":20,"column":4},"end":{"line":23,"column":5}},{"start":{},"end":{}}],"line":20},"1":{"loc":{"start":{"line":34,"column":6},"end":{"line":34,"column":29}},"type":"if","locations":[{"start":{"line":34,"column":6},"end":{"line":34,"column":29}},{"start":{},"end":{}}],"line":34},"2":{"loc":{"start":{"line":36,"column":25},"end":{"line":36,"column":88}},"type":"binary-expr","locations":[{"start":{"line":36,"column":25},"end":{"line":36,"column":82}},{"start":{"line":36,"column":86},"end":{"line":36,"column":88}}],"line":36},"3":{"loc":{"start":{"line":75,"column":7},"end":{"line":87,"column":7}},"type":"cond-expr","locations":[{"start":{"line":76,"column":8},"end":{"line":76,"column":68}},{"start":{"line":78,"column":8},"end":{"line":86,"column":10}}],"line":75}},"s":{"0":0,"1":0,"2":0,"3":0,"4":0,"5":0,"6":0,"7":0,"8":0,"9":0,"10":0,"11":0,"12":0,"13":0,"14":0,"15":0,"16":0,"17":0,"18":0,"19":0,"20":0,"21":0,"22":0,"23":0,"24":0,"25":0,"26":0,"27":0,"28":0,"29":0,"30":0},"f":{"0":0,"1":0,"2":0,"3":0,"4":0,"5":0,"6":0,"7":0,"8":0,"9":0},"b":{"0":[0,0],"1":[0,0],"2":[0,0],"3":[0,0]}}
,"/Users/ironcandle1208/Documents/project/meals3/app/(app)/profile.tsx": {"path":"/Users/ironcandle1208/Documents/project/meals3/app/(app)/profile.tsx","statementMap":{"0":{"start":{"line":13,"column":22},"end":{"line":13,"column":31}},"1":{"start":{"line":14,"column":32},"end":{"line":14,"column":46}},"2":{"start":{"line":15,"column":34},"end":{"line":15,"column":46}},"3":{"start":{"line":16,"column":36},"end":{"line":16,"column":48}},"4":{"start":{"line":18,"column":2},"end":{"line":20,"column":16}},"5":{"start":{"line":19,"column":4},"end":{"line":19,"column":30}},"6":{"start":{"line":19,"column":17},"end":{"line":19,"column":30}},"7":{"start":{"line":24,"column":4},"end":{"line":48,"column":5}},"8":{"start":{"line":25,"column":6},"end":{"line":25,"column":23}},"9":{"start":{"line":26,"column":6},"end":{"line":26,"column":69}},"10":{"start":{"line":26,"column":26},"end":{"line":26,"column":69}},"11":{"start":{"line":28,"column":38},"end":{"line":32,"column":17}},"12":{"start":{"line":34,"column":6},"end":{"line":36,"column":7}},"13":{"start":{"line":35,"column":8},"end":{"line":35,"column":20}},"14":{"start":{"line":38,"column":6},"end":{"line":41,"column":7}},"15":{"start":{"line":39,"column":8},"end":{"line":39,"column":42}},"16":{"start":{"line":40,"column":8},"end":{"line":40,"column":44}},"17":{"start":{"line":43,"column":6},"end":{"line":45,"column":7}},"18":{"start":{"line":44,"column":8},"end":{"line":44,"column":44}},"19":{"start":{"line":47,"column":6},"end":{"line":47,"column":24}},"20":{"start":{"line":53,"column":4},"end":{"line":76,"column":5}},"21":{"start":{"line":54,"column":6},"end":{"line":54,"column":23}},"22":{"start":{"line":55,"column":6},"end":{"line":55,"column":69}},"23":{"start":{"line":55,"column":26},"end":{"line":55,"column":69}},"24":{"start":{"line":57,"column":22},"end":{"line":62,"column":7}},"25":{"start":{"line":64,"column":24},"end":{"line":64,"column":71}},"26":{"start":{"line":66,"column":6},"end":{"line":68,"column":7}},"27":{"start":{"line":67,"column":8},"end":{"line":67,"column":20}},"28":{"start":{"line":69,"column":6},"end":{"line":69,"column":62}},"29":{"start":{"line":71,"column":6},"end":{"line":73,"column":7}},"30":{"start":{"line":72,"column":8},"end":{"line":72,"column":44}},"31":{"start":{"line":75,"column":6},"end":{"line":75,"column":24}},"32":{"start":{"line":79,"column":2},"end":{"line":112,"column":4}},"33":{"start":{"line":104,"column":23},"end":{"line":104,"column":61}},"34":{"start":{"line":115,"column":15},"end":{"line":135,"column":2}}},"fnMap":{"0":{"name":"Profile","decl":{"start":{"line":12,"column":24},"end":{"line":12,"column":31}},"loc":{"start":{"line":12,"column":34},"end":{"line":113,"column":1}},"line":12},"1":{"name":"(anonymous_1)","decl":{"start":{"line":18,"column":12},"end":{"line":18,"column":13}},"loc":{"start":{"line":18,"column":18},"end":{"line":20,"column":3}},"line":18},"2":{"name":"getProfile","decl":{"start":{"line":23,"column":17},"end":{"line":23,"column":27}},"loc":{"start":{"line":23,"column":30},"end":{"line":49,"column":3}},"line":23},"3":{"name":"updateProfile","decl":{"start":{"line":52,"column":17},"end":{"line":52,"column":30}},"loc":{"start":{"line":52,"column":69},"end":{"line":77,"column":3}},"line":52},"4":{"name":"(anonymous_4)","decl":{"start":{"line":104,"column":17},"end":{"line":104,"column":18}},"loc":{"start":{"line":104,"column":23},"end":{"line":104,"column":61}},"line":104}},"branchMap":{"0":{"loc":{"start":{"line":19,"column":4},"end":{"line":19,"column":30}},"type":"if","locations":[{"start":{"line":19,"column":4},"end":{"line":19,"column":30}},{"start":{},"end":{}}],"line":19},"1":{"loc":{"start":{"line":26,"column":6},"end":{"line":26,"column":69}},"type":"if","locations":[{"start":{"line":26,"column":6},"end":{"line":26,"column":69}},{"start":{},"end":{}}],"line":26},"2":{"loc":{"start":{"line":34,"column":6},"end":{"line":36,"column":7}},"type":"if","locations":[{"start":{"line":34,"column":6},"end":{"line":36,"column":7}},{"start":{},"end":{}}],"line":34},"3":{"loc":{"start":{"line":34,"column":10},"end":{"line":34,"column":33}},"type":"binary-expr","locations":[{"start":{"line":34,"column":10},"end":{"line":34,"column":15}},{"start":{"line":34,"column":19},"end":{"line":34,"column":33}}],"line":34},"4":{"loc":{"start":{"line":38,"column":6},"end":{"line":41,"column":7}},"type":"if","locations":[{"start":{"line":38,"column":6},"end":{"line":41,"column":7}},{"start":{},"end":{}}],"line":38},"5":{"loc":{"start":{"line":39,"column":20},"end":{"line":39,"column":40}},"type":"binary-expr","locations":[{"start":{"line":39,"column":20},"end":{"line":39,"column":34}},{"start":{"line":39,"column":38},"end":{"line":39,"column":40}}],"line":39},"6":{"loc":{"start":{"line":40,"column":21},"end":{"line":40,"column":42}},"type":"binary-expr","locations":[{"start":{"line":40,"column":21},"end":{"line":40,"column":36}},{"start":{"line":40,"column":40},"end":{"line":40,"column":42}}],"line":40},"7":{"loc":{"start":{"line":43,"column":6},"end":{"line":45,"column":7}},"type":"if","locations":[{"start":{"line":43,"column":6},"end":{"line":45,"column":7}},{"start":{},"end":{}}],"line":43},"8":{"loc":{"start":{"line":55,"column":6},"end":{"line":55,"column":69}},"type":"if","locations":[{"start":{"line":55,"column":6},"end":{"line":55,"column":69}},{"start":{},"end":{}}],"line":55},"9":{"loc":{"start":{"line":66,"column":6},"end":{"line":68,"column":7}},"type":"if","locations":[{"start":{"line":66,"column":6},"end":{"line":68,"column":7}},{"start":{},"end":{}}],"line":66},"10":{"loc":{"start":{"line":71,"column":6},"end":{"line":73,"column":7}},"type":"if","locations":[{"start":{"line":71,"column":6},"end":{"line":73,"column":7}},{"start":{},"end":{}}],"line":71},"11":{"loc":{"start":{"line":85,"column":38},"end":{"line":85,"column":94}},"type":"cond-expr","locations":[{"start":{"line":85,"column":49},"end":{"line":85,"column":87}},{"start":{"line":85,"column":90},"end":{"line":85,"column":94}}],"line":85},"12":{"loc":{"start":{"line":109,"column":9},"end":{"line":109,"column":43}},"type":"cond-expr","locations":[{"start":{"line":109,"column":19},"end":{"line":109,"column":32}},{"start":{"line":109,"column":35},"end":{"line":109,"column":43}}],"line":109}},"s":{"0":0,"1":0,"2":0,"3":0,"4":0,"5":0,"6":0,"7":0,"8":0,"9":0,"10":0,"11":0,"12":0,"13":0,"14":0,"15":0,"16":0,"17":0,"18":0,"19":0,"20":0,"21":0,"22":0,"23":0,"24":0,"25":0,"26":0,"27":0,"28":0,"29":0,"30":0,"31":0,"32":0,"33":0,"34":0},"f":{"0":0,"1":0,"2":0,"3":0,"4":0},"b":{"0":[0,0],"1":[0,0],"2":[0,0],"3":[0,0],"4":[0,0],"5":[0,0],"6":[0,0],"7":[0,0],"8":[0,0],"9":[0,0],"10":[0,0],"11":[0,0],"12":[0,0]}}
,"/Users/ironcandle1208/Documents/project/meals3/app/(app)/groups/create.tsx": {"path":"/Users/ironcandle1208/Documents/project/meals3/app/(app)/groups/create.tsx","statementMap":{"0":{"start":{"line":9,"column":26},"end":{"line":9,"column":38}},"1":{"start":{"line":10,"column":32},"end":{"line":10,"column":47}},"2":{"start":{"line":11,"column":28},"end":{"line":11,"column":40}},"3":{"start":{"line":12,"column":17},"end":{"line":12,"column":28}},"4":{"start":{"line":13,"column":22},"end":{"line":13,"column":31}},"5":{"start":{"line":16,"column":46},"end":{"line":16,"column":61}},"6":{"start":{"line":17,"column":46},"end":{"line":17,"column":58}},"7":{"start":{"line":18,"column":36},"end":{"line":18,"column":48}},"8":{"start":{"line":20,"column":28},"end":{"line":61,"column":3}},"9":{"start":{"line":21,"column":4},"end":{"line":24,"column":5}},"10":{"start":{"line":22,"column":6},"end":{"line":22,"column":41}},"11":{"start":{"line":23,"column":6},"end":{"line":23,"column":13}},"12":{"start":{"line":26,"column":4},"end":{"line":26,"column":21}},"13":{"start":{"line":27,"column":4},"end":{"line":27,"column":17}},"14":{"start":{"line":29,"column":4},"end":{"line":60,"column":5}},"15":{"start":{"line":32,"column":49},"end":{"line":38,"column":17}},"16":{"start":{"line":40,"column":6},"end":{"line":40,"column":39}},"17":{"start":{"line":40,"column":22},"end":{"line":40,"column":39}},"18":{"start":{"line":44,"column":37},"end":{"line":48,"column":10}},"19":{"start":{"line":50,"column":6},"end":{"line":50,"column":41}},"20":{"start":{"line":50,"column":23},"end":{"line":50,"column":41}},"21":{"start":{"line":53,"column":6},"end":{"line":53,"column":47}},"22":{"start":{"line":54,"column":6},"end":{"line":54,"column":31}},"23":{"start":{"line":55,"column":6},"end":{"line":55,"column":30}},"24":{"start":{"line":57,"column":6},"end":{"line":57,"column":50}},"25":{"start":{"line":58,"column":6},"end":{"line":58,"column":28}},"26":{"start":{"line":59,"column":6},"end":{"line":59,"column":24}},"27":{"start":{"line":63,"column":22},"end":{"line":66,"column":3}},"28":{"start":{"line":64,"column":4},"end":{"line":64,"column":29}},"29":{"start":{"line":65,"column":4},"end":{"line":65,"column":18}},"30":{"start":{"line":68,"column":2},"end":{"line":112,"column":4}},"31":{"start":{"line":115,"column":15},"end":{"line":161,"column":2}}},"fnMap":{"0":{"name":"CreateGroup","decl":{"start":{"line":8,"column":24},"end":{"line":8,"column":35}},"loc":{"start":{"line":8,"column":38},"end":{"line":113,"column":1}},"line":8},"1":{"name":"(anonymous_1)","decl":{"start":{"line":20,"column":28},"end":{"line":20,"column":29}},"loc":{"start":{"line":20,"column":40},"end":{"line":61,"column":3}},"line":20},"2":{"name":"(anonymous_2)","decl":{"start":{"line":63,"column":22},"end":{"line":63,"column":23}},"loc":{"start":{"line":63,"column":28},"end":{"line":66,"column":3}},"line":63}},"branchMap":{"0":{"loc":{"start":{"line":21,"column":4},"end":{"line":24,"column":5}},"type":"if","locations":[{"start":{"line":21,"column":4},"end":{"line":24,"column":5}},{"start":{},"end":{}}],"line":21},"1":{"loc":{"start":{"line":40,"column":6},"end":{"line":40,"column":39}},"type":"if","locations":[{"start":{"line":40,"column":6},"end":{"line":40,"column":39}},{"start":{},"end":{}}],"line":40},"2":{"loc":{"start":{"line":50,"column":6},"end":{"line":50,"column":41}},"type":"if","locations":[{"start":{"line":50,"column":6},"end":{"line":50,"column":41}},{"start":{},"end":{}}],"line":50},"3":{"loc":{"start":{"line":88,"column":18},"end":{"line":88,"column":43}},"type":"binary-expr","locations":[{"start":{"line":88,"column":18},"end":{"line":88,"column":25}},{"start":{"line":88,"column":29},"end":{"line":88,"column":43}}],"line":88}},"s":{"0":18,"1":18,"2":18,"3":18,"4":18,"5":18,"6":18,"7":18,"8":18,"9":4,"10":1,"11":1,"12":3,"13":3,"14":3,"15":3,"16":3,"17":1,"18":2,"19":2,"20":0,"21":2,"22":2,"23":2,"24":1,"25":1,"26":1,"27":18,"28":1,"29":1,"30":18,"31":1},"f":{"0":18,"1":4,"2":1},"b":{"0":[1,3],"1":[1,2],"2":[0,2],"3":[18,12]},"_coverageSchema":"1a1c01bbd47fc00a2c39e90264f33305004495a9","hash":"35976a6e3ce0eb38cd5d4c50b0a53ab99f835cfa"}
,"/Users/ironcandle1208/Documents/project/meals3/app/(app)/groups/join.tsx": {"path":"/Users/ironcandle1208/Documents/project/meals3/app/(app)/groups/join.tsx","statementMap":{"0":{"start":{"line":9,"column":26},"end":{"line":9,"column":38}},"1":{"start":{"line":10,"column":32},"end":{"line":10,"column":47}},"2":{"start":{"line":11,"column":28},"end":{"line":11,"column":40}},"3":{"start":{"line":12,"column":17},"end":{"line":12,"column":28}},"4":{"start":{"line":13,"column":22},"end":{"line":13,"column":31}},"5":{"start":{"line":16,"column":26},"end":{"line":70,"column":3}},"6":{"start":{"line":17,"column":4},"end":{"line":20,"column":5}},"7":{"start":{"line":18,"column":6},"end":{"line":18,"column":46}},"8":{"start":{"line":19,"column":6},"end":{"line":19,"column":13}},"9":{"start":{"line":22,"column":4},"end":{"line":22,"column":21}},"10":{"start":{"line":23,"column":4},"end":{"line":23,"column":17}},"11":{"start":{"line":25,"column":4},"end":{"line":69,"column":5}},"12":{"start":{"line":27,"column":49},"end":{"line":31,"column":17}},"13":{"start":{"line":33,"column":6},"end":{"line":38,"column":7}},"14":{"start":{"line":34,"column":8},"end":{"line":36,"column":9}},"15":{"start":{"line":35,"column":10},"end":{"line":35,"column":53}},"16":{"start":{"line":37,"column":8},"end":{"line":37,"column":25}},"17":{"start":{"line":41,"column":39},"end":{"line":46,"column":17}},"18":{"start":{"line":48,"column":6},"end":{"line":51,"column":7}},"19":{"start":{"line":49,"column":8},"end":{"line":49,"column":59}},"20":{"start":{"line":50,"column":8},"end":{"line":50,"column":15}},"21":{"start":{"line":54,"column":37},"end":{"line":58,"column":10}},"22":{"start":{"line":60,"column":6},"end":{"line":60,"column":41}},"23":{"start":{"line":60,"column":23},"end":{"line":60,"column":41}},"24":{"start":{"line":63,"column":6},"end":{"line":63,"column":26}},"25":{"start":{"line":65,"column":6},"end":{"line":65,"column":49}},"26":{"start":{"line":66,"column":6},"end":{"line":66,"column":54}},"27":{"start":{"line":68,"column":6},"end":{"line":68,"column":24}},"28":{"start":{"line":72,"column":2},"end":{"line":103,"column":4}},"29":{"start":{"line":82,"column":32},"end":{"line":82,"column":59}},"30":{"start":{"line":106,"column":15},"end":{"line":127,"column":2}}},"fnMap":{"0":{"name":"JoinGroup","decl":{"start":{"line":8,"column":24},"end":{"line":8,"column":33}},"loc":{"start":{"line":8,"column":36},"end":{"line":104,"column":1}},"line":8},"1":{"name":"(anonymous_1)","decl":{"start":{"line":16,"column":26},"end":{"line":16,"column":27}},"loc":{"start":{"line":16,"column":38},"end":{"line":70,"column":3}},"line":16},"2":{"name":"(anonymous_2)","decl":{"start":{"line":82,"column":22},"end":{"line":82,"column":23}},"loc":{"start":{"line":82,"column":32},"end":{"line":82,"column":59}},"line":82}},"branchMap":{"0":{"loc":{"start":{"line":17,"column":4},"end":{"line":20,"column":5}},"type":"if","locations":[{"start":{"line":17,"column":4},"end":{"line":20,"column":5}},{"start":{},"end":{}}],"line":17},"1":{"loc":{"start":{"line":33,"column":6},"end":{"line":38,"column":7}},"type":"if","locations":[{"start":{"line":33,"column":6},"end":{"line":38,"column":7}},{"start":{},"end":{}}],"line":33},"2":{"loc":{"start":{"line":34,"column":8},"end":{"line":36,"column":9}},"type":"if","locations":[{"start":{"line":34,"column":8},"end":{"line":36,"column":9}},{"start":{},"end":{}}],"line":34},"3":{"loc":{"start":{"line":48,"column":6},"end":{"line":51,"column":7}},"type":"if","locations":[{"start":{"line":48,"column":6},"end":{"line":51,"column":7}},{"start":{},"end":{}}],"line":48},"4":{"loc":{"start":{"line":60,"column":6},"end":{"line":60,"column":41}},"type":"if","locations":[{"start":{"line":60,"column":6},"end":{"line":60,"column":41}},{"start":{},"end":{}}],"line":60},"5":{"loc":{"start":{"line":66,"column":15},"end":{"line":66,"column":52}},"type":"binary-expr","locations":[{"start":{"line":66,"column":15},"end":{"line":66,"column":26}},{"start":{"line":66,"column":30},"end":{"line":66,"column":52}}],"line":66}},"s":{"0":19,"1":19,"2":19,"3":19,"4":19,"5":19,"6":4,"7":1,"8":1,"9":3,"10":3,"11":3,"12":3,"13":3,"14":1,"15":1,"16":0,"17":2,"18":2,"19":1,"20":1,"21":1,"22":1,"23":0,"24":1,"25":1,"26":1,"27":3,"28":19,"29":5,"30":1},"f":{"0":19,"1":4,"2":5},"b":{"0":[1,3],"1":[1,2],"2":[1,0],"3":[1,1],"4":[0,1],"5":[1,0]},"_coverageSchema":"1a1c01bbd47fc00a2c39e90264f33305004495a9","hash":"520a867fa0f001846a61438a6e6aaed02d40cef3"}
,"/Users/ironcandle1208/Documents/project/meals3/app/(app)/recipes/[id].tsx": {"path":"/Users/ironcandle1208/Documents/project/meals3/app/(app)/recipes/[id].tsx","statementMap":{"0":{"start":{"line":13,"column":17},"end":{"line":13,"column":55}},"1":{"start":{"line":14,"column":17},"end":{"line":14,"column":28}},"2":{"start":{"line":15,"column":30},"end":{"line":15,"column":59}},"3":{"start":{"line":16,"column":40},"end":{"line":16,"column":66}},"4":{"start":{"line":17,"column":26},"end":{"line":17,"column":45}},"5":{"start":{"line":18,"column":32},"end":{"line":18,"column":46}},"6":{"start":{"line":20,"column":2},"end":{"line":22,"column":11}},"7":{"start":{"line":21,"column":4},"end":{"line":21,"column":25}},"8":{"start":{"line":24,"column":29},"end":{"line":62,"column":3}},"9":{"start":{"line":25,"column":4},"end":{"line":61,"column":5}},"10":{"start":{"line":26,"column":6},"end":{"line":26,"column":23}},"11":{"start":{"line":29,"column":55},"end":{"line":33,"column":17}},"12":{"start":{"line":35,"column":6},"end":{"line":35,"column":41}},"13":{"start":{"line":35,"column":23},"end":{"line":35,"column":41}},"14":{"start":{"line":36,"column":6},"end":{"line":36,"column":28}},"15":{"start":{"line":39,"column":65},"end":{"line":42,"column":28}},"16":{"start":{"line":44,"column":6},"end":{"line":44,"column":51}},"17":{"start":{"line":44,"column":28},"end":{"line":44,"column":51}},"18":{"start":{"line":45,"column":6},"end":{"line":45,"column":44}},"19":{"start":{"line":48,"column":51},"end":{"line":51,"column":28}},"20":{"start":{"line":53,"column":6},"end":{"line":53,"column":37}},"21":{"start":{"line":53,"column":21},"end":{"line":53,"column":37}},"22":{"start":{"line":54,"column":6},"end":{"line":54,"column":72}},"23":{"start":{"line":54,"column":32},"end":{"line":54,"column":38}},"24":{"start":{"line":57,"column":6},"end":{"line":57,"column":61}},"25":{"start":{"line":58,"column":6},"end":{"line":58,"column":60}},"26":{"start":{"line":60,"column":6},"end":{"line":60,"column":24}},"27":{"start":{"line":64,"column":23},"end":{"line":89,"column":3}},"28":{"start":{"line":65,"column":4},"end":{"line":88,"column":6}},"29":{"start":{"line":74,"column":12},"end":{"line":84,"column":13}},"30":{"start":{"line":75,"column":32},"end":{"line":78,"column":29}},"31":{"start":{"line":79,"column":14},"end":{"line":79,"column":37}},"32":{"start":{"line":79,"column":25},"end":{"line":79,"column":37}},"33":{"start":{"line":80,"column":14},"end":{"line":80,"column":28}},"34":{"start":{"line":82,"column":14},"end":{"line":82,"column":61}},"35":{"start":{"line":83,"column":14},"end":{"line":83,"column":62}},"36":{"start":{"line":91,"column":2},"end":{"line":93,"column":3}},"37":{"start":{"line":92,"column":4},"end":{"line":92,"column":72}},"38":{"start":{"line":95,"column":2},"end":{"line":101,"column":3}},"39":{"start":{"line":96,"column":4},"end":{"line":100,"column":6}},"40":{"start":{"line":103,"column":2},"end":{"line":153,"column":4}},"41":{"start":{"line":114,"column":12},"end":{"line":114,"column":67}},"42":{"start":{"line":122,"column":10},"end":{"line":127,"column":17}},"43":{"start":{"line":137,"column":25},"end":{"line":137,"column":59}},"44":{"start":{"line":156,"column":15},"end":{"line":212,"column":2}}},"fnMap":{"0":{"name":"RecipeDetail","decl":{"start":{"line":12,"column":24},"end":{"line":12,"column":36}},"loc":{"start":{"line":12,"column":39},"end":{"line":154,"column":1}},"line":12},"1":{"name":"(anonymous_1)","decl":{"start":{"line":20,"column":12},"end":{"line":20,"column":13}},"loc":{"start":{"line":20,"column":18},"end":{"line":22,"column":3}},"line":20},"2":{"name":"(anonymous_2)","decl":{"start":{"line":24,"column":29},"end":{"line":24,"column":30}},"loc":{"start":{"line":24,"column":41},"end":{"line":62,"column":3}},"line":24},"3":{"name":"(anonymous_3)","decl":{"start":{"line":54,"column":27},"end":{"line":54,"column":28}},"loc":{"start":{"line":54,"column":32},"end":{"line":54,"column":38}},"line":54},"4":{"name":"(anonymous_4)","decl":{"start":{"line":64,"column":23},"end":{"line":64,"column":24}},"loc":{"start":{"line":64,"column":35},"end":{"line":89,"column":3}},"line":64},"5":{"name":"(anonymous_5)","decl":{"start":{"line":73,"column":19},"end":{"line":73,"column":20}},"loc":{"start":{"line":73,"column":31},"end":{"line":85,"column":11}},"line":73},"6":{"name":"(anonymous_6)","decl":{"start":{"line":113,"column":20},"end":{"line":113,"column":21}},"loc":{"start":{"line":114,"column":12},"end":{"line":114,"column":67}},"line":114},"7":{"name":"(anonymous_7)","decl":{"start":{"line":121,"column":25},"end":{"line":121,"column":26}},"loc":{"start":{"line":122,"column":10},"end":{"line":127,"column":17}},"line":122},"8":{"name":"(anonymous_8)","decl":{"start":{"line":137,"column":19},"end":{"line":137,"column":20}},"loc":{"start":{"line":137,"column":25},"end":{"line":137,"column":59}},"line":137}},"branchMap":{"0":{"loc":{"start":{"line":35,"column":6},"end":{"line":35,"column":41}},"type":"if","locations":[{"start":{"line":35,"column":6},"end":{"line":35,"column":41}},{"start":{},"end":{}}],"line":35},"1":{"loc":{"start":{"line":44,"column":6},"end":{"line":44,"column":51}},"type":"if","locations":[{"start":{"line":44,"column":6},"end":{"line":44,"column":51}},{"start":{},"end":{}}],"line":44},"2":{"loc":{"start":{"line":45,"column":21},"end":{"line":45,"column":42}},"type":"binary-expr","locations":[{"start":{"line":45,"column":21},"end":{"line":45,"column":36}},{"start":{"line":45,"column":40},"end":{"line":45,"column":42}}],"line":45},"3":{"loc":{"start":{"line":53,"column":6},"end":{"line":53,"column":37}},"type":"if","locations":[{"start":{"line":53,"column":6},"end":{"line":53,"column":37}},{"start":{},"end":{}}],"line":53},"4":{"loc":{"start":{"line":54,"column":14},"end":{"line":54,"column":70}},"type":"binary-expr","locations":[{"start":{"line":54,"column":14},"end":{"line":54,"column":64}},{"start":{"line":54,"column":68},"end":{"line":54,"column":70}}],"line":54},"5":{"loc":{"start":{"line":79,"column":14},"end":{"line":79,"column":37}},"type":"if","locations":[{"start":{"line":79,"column":14},"end":{"line":79,"column":37}},{"start":{},"end":{}}],"line":79},"6":{"loc":{"start":{"line":91,"column":2},"end":{"line":93,"column":3}},"type":"if","locations":[{"start":{"line":91,"column":2},"end":{"line":93,"column":3}},{"start":{},"end":{}}],"line":91},"7":{"loc":{"start":{"line":95,"column":2},"end":{"line":101,"column":3}},"type":"if","locations":[{"start":{"line":95,"column":2},"end":{"line":101,"column":3}},{"start":{},"end":{}}],"line":95},"8":{"loc":{"start":{"line":105,"column":7},"end":{"line":107,"column":7}},"type":"binary-expr","locations":[{"start":{"line":105,"column":7},"end":{"line":105,"column":23}},{"start":{"line":106,"column":8},"end":{"line":106,"column":78}}],"line":105}},"s":{"0":7,"1":7,"2":7,"3":7,"4":7,"5":7,"6":7,"7":4,"8":7,"9":4,"10":4,"11":4,"12":3,"13":1,"14":2,"15":2,"16":2,"17":0,"18":2,"19":2,"20":2,"21":0,"22":2,"23":2,"24":1,"25":1,"26":3,"27":7,"28":1,"29":0,"30":0,"31":0,"32":0,"33":0,"34":0,"35":0,"36":7,"37":4,"38":3,"39":1,"40":2,"41":2,"42":2,"43":0,"44":1},"f":{"0":7,"1":4,"2":4,"3":2,"4":1,"5":0,"6":2,"7":2,"8":0},"b":{"0":[1,2],"1":[0,2],"2":[2,0],"3":[0,2],"4":[2,0],"5":[0,0],"6":[4,3],"7":[1,2],"8":[2,1]},"_coverageSchema":"1a1c01bbd47fc00a2c39e90264f33305004495a9","hash":"100dcd77aa0c71d5d8a8388599d0df35aee0b5af"}
,"/Users/ironcandle1208/Documents/project/meals3/app/(app)/recipes/create.tsx": {"path":"/Users/ironcandle1208/Documents/project/meals3/app/(app)/recipes/create.tsx","statementMap":{"0":{"start":{"line":16,"column":17},"end":{"line":16,"column":28}},"1":{"start":{"line":17,"column":20},"end":{"line":17,"column":29}},"2":{"start":{"line":18,"column":32},"end":{"line":18,"column":47}},"3":{"start":{"line":19,"column":28},"end":{"line":19,"column":40}},"4":{"start":{"line":21,"column":26},"end":{"line":21,"column":38}},"5":{"start":{"line":22,"column":42},"end":{"line":22,"column":54}},"6":{"start":{"line":23,"column":34},"end":{"line":23,"column":46}},"7":{"start":{"line":24,"column":26},"end":{"line":24,"column":38}},"8":{"start":{"line":25,"column":40},"end":{"line":25,"column":107}},"9":{"start":{"line":28,"column":30},"end":{"line":30,"column":3}},"10":{"start":{"line":29,"column":4},"end":{"line":29,"column":75}},"11":{"start":{"line":32,"column":33},"end":{"line":36,"column":3}},"12":{"start":{"line":33,"column":27},"end":{"line":33,"column":43}},"13":{"start":{"line":34,"column":4},"end":{"line":34,"column":36}},"14":{"start":{"line":35,"column":4},"end":{"line":35,"column":35}},"15":{"start":{"line":38,"column":33},"end":{"line":42,"column":3}},"16":{"start":{"line":39,"column":27},"end":{"line":39,"column":43}},"17":{"start":{"line":40,"column":4},"end":{"line":40,"column":40}},"18":{"start":{"line":41,"column":4},"end":{"line":41,"column":35}},"19":{"start":{"line":44,"column":29},"end":{"line":138,"column":3}},"20":{"start":{"line":45,"column":4},"end":{"line":48,"column":5}},"21":{"start":{"line":46,"column":6},"end":{"line":46,"column":42}},"22":{"start":{"line":47,"column":6},"end":{"line":47,"column":13}},"23":{"start":{"line":49,"column":4},"end":{"line":52,"column":5}},"24":{"start":{"line":50,"column":6},"end":{"line":50,"column":36}},"25":{"start":{"line":51,"column":6},"end":{"line":51,"column":13}},"26":{"start":{"line":54,"column":4},"end":{"line":54,"column":21}},"27":{"start":{"line":55,"column":4},"end":{"line":55,"column":17}},"28":{"start":{"line":57,"column":4},"end":{"line":137,"column":5}},"29":{"start":{"line":59,"column":51},"end":{"line":70,"column":17}},"30":{"start":{"line":72,"column":6},"end":{"line":72,"column":41}},"31":{"start":{"line":72,"column":23},"end":{"line":72,"column":41}},"32":{"start":{"line":76,"column":31},"end":{"line":76,"column":69}},"33":{"start":{"line":76,"column":55},"end":{"line":76,"column":68}},"34":{"start":{"line":77,"column":6},"end":{"line":90,"column":7}},"35":{"start":{"line":78,"column":32},"end":{"line":83,"column":11}},"36":{"start":{"line":78,"column":59},"end":{"line":83,"column":9}},"37":{"start":{"line":85,"column":44},"end":{"line":87,"column":34}},"38":{"start":{"line":89,"column":8},"end":{"line":89,"column":53}},"39":{"start":{"line":89,"column":30},"end":{"line":89,"column":53}},"40":{"start":{"line":94,"column":23},"end":{"line":94,"column":72}},"41":{"start":{"line":94,"column":48},"end":{"line":94,"column":56}},"42":{"start":{"line":94,"column":70},"end":{"line":94,"column":71}},"43":{"start":{"line":95,"column":6},"end":{"line":123,"column":7}},"44":{"start":{"line":99,"column":33},"end":{"line":99,"column":35}},"45":{"start":{"line":100,"column":8},"end":{"line":110,"column":9}},"46":{"start":{"line":102,"column":49},"end":{"line":106,"column":21}},"47":{"start":{"line":108,"column":10},"end":{"line":108,"column":39}},"48":{"start":{"line":108,"column":24},"end":{"line":108,"column":39}},"49":{"start":{"line":109,"column":10},"end":{"line":109,"column":30}},"50":{"start":{"line":113,"column":31},"end":{"line":116,"column":11}},"51":{"start":{"line":113,"column":52},"end":{"line":116,"column":9}},"52":{"start":{"line":118,"column":43},"end":{"line":120,"column":33}},"53":{"start":{"line":122,"column":8},"end":{"line":122,"column":51}},"54":{"start":{"line":122,"column":29},"end":{"line":122,"column":51}},"55":{"start":{"line":125,"column":6},"end":{"line":125,"column":20}},"56":{"start":{"line":127,"column":6},"end":{"line":127,"column":51}},"57":{"start":{"line":128,"column":6},"end":{"line":134,"column":7}},"58":{"start":{"line":129,"column":8},"end":{"line":129,"column":30}},"59":{"start":{"line":130,"column":13},"end":{"line":134,"column":7}},"60":{"start":{"line":131,"column":8},"end":{"line":131,"column":39}},"61":{"start":{"line":133,"column":8},"end":{"line":133,"column":49}},"62":{"start":{"line":136,"column":6},"end":{"line":136,"column":24}},"63":{"start":{"line":140,"column":2},"end":{"line":229,"column":4}},"64":{"start":{"line":172,"column":8},"end":{"line":199,"column":15}},"65":{"start":{"line":176,"column":36},"end":{"line":176,"column":79}},"66":{"start":{"line":183,"column":36},"end":{"line":183,"column":83}},"67":{"start":{"line":190,"column":36},"end":{"line":190,"column":79}},"68":{"start":{"line":197,"column":27},"end":{"line":197,"column":56}},"69":{"start":{"line":232,"column":15},"end":{"line":268,"column":2}}},"fnMap":{"0":{"name":"CreateRecipe","decl":{"start":{"line":15,"column":24},"end":{"line":15,"column":36}},"loc":{"start":{"line":15,"column":39},"end":{"line":230,"column":1}},"line":15},"1":{"name":"(anonymous_1)","decl":{"start":{"line":28,"column":30},"end":{"line":28,"column":31}},"loc":{"start":{"line":28,"column":36},"end":{"line":30,"column":3}},"line":28},"2":{"name":"(anonymous_2)","decl":{"start":{"line":32,"column":33},"end":{"line":32,"column":34}},"loc":{"start":{"line":32,"column":52},"end":{"line":36,"column":3}},"line":32},"3":{"name":"(anonymous_3)","decl":{"start":{"line":38,"column":33},"end":{"line":38,"column":34}},"loc":{"start":{"line":38,"column":96},"end":{"line":42,"column":3}},"line":38},"4":{"name":"(anonymous_4)","decl":{"start":{"line":44,"column":29},"end":{"line":44,"column":30}},"loc":{"start":{"line":44,"column":41},"end":{"line":138,"column":3}},"line":44},"5":{"name":"(anonymous_5)","decl":{"start":{"line":76,"column":50},"end":{"line":76,"column":51}},"loc":{"start":{"line":76,"column":55},"end":{"line":76,"column":68}},"line":76},"6":{"name":"(anonymous_6)","decl":{"start":{"line":78,"column":53},"end":{"line":78,"column":54}},"loc":{"start":{"line":78,"column":59},"end":{"line":83,"column":9}},"line":78},"7":{"name":"(anonymous_7)","decl":{"start":{"line":94,"column":43},"end":{"line":94,"column":44}},"loc":{"start":{"line":94,"column":48},"end":{"line":94,"column":56}},"line":94},"8":{"name":"(anonymous_8)","decl":{"start":{"line":94,"column":65},"end":{"line":94,"column":66}},"loc":{"start":{"line":94,"column":70},"end":{"line":94,"column":71}},"line":94},"9":{"name":"(anonymous_9)","decl":{"start":{"line":113,"column":42},"end":{"line":113,"column":43}},"loc":{"start":{"line":113,"column":52},"end":{"line":116,"column":9}},"line":113},"10":{"name":"(anonymous_10)","decl":{"start":{"line":171,"column":23},"end":{"line":171,"column":24}},"loc":{"start":{"line":172,"column":8},"end":{"line":199,"column":15}},"line":172},"11":{"name":"(anonymous_11)","decl":{"start":{"line":176,"column":26},"end":{"line":176,"column":27}},"loc":{"start":{"line":176,"column":36},"end":{"line":176,"column":79}},"line":176},"12":{"name":"(anonymous_12)","decl":{"start":{"line":183,"column":26},"end":{"line":183,"column":27}},"loc":{"start":{"line":183,"column":36},"end":{"line":183,"column":83}},"line":183},"13":{"name":"(anonymous_13)","decl":{"start":{"line":190,"column":26},"end":{"line":190,"column":27}},"loc":{"start":{"line":190,"column":36},"end":{"line":190,"column":79}},"line":190},"14":{"name":"(anonymous_14)","decl":{"start":{"line":197,"column":21},"end":{"line":197,"column":22}},"loc":{"start":{"line":197,"column":27},"end":{"line":197,"column":56}},"line":197}},"branchMap":{"0":{"loc":{"start":{"line":45,"column":4},"end":{"line":48,"column":5}},"type":"if","locations":[{"start":{"line":45,"column":4},"end":{"line":48,"column":5}},{"start":{},"end":{}}],"line":45},"1":{"loc":{"start":{"line":49,"column":4},"end":{"line":52,"column":5}},"type":"if","locations":[{"start":{"line":49,"column":4},"end":{"line":52,"column":5}},{"start":{},"end":{}}],"line":49},"2":{"loc":{"start":{"line":66,"column":23},"end":{"line":66,"column":46}},"type":"binary-expr","locations":[{"start":{"line":66,"column":23},"end":{"line":66,"column":38}},{"start":{"line":66,"column":42},"end":{"line":66,"column":46}}],"line":66},"3":{"loc":{"start":{"line":72,"column":6},"end":{"line":72,"column":41}},"type":"if","locations":[{"start":{"line":72,"column":6},"end":{"line":72,"column":41}},{"start":{},"end":{}}],"line":72},"4":{"loc":{"start":{"line":77,"column":6},"end":{"line":90,"column":7}},"type":"if","locations":[{"start":{"line":77,"column":6},"end":{"line":90,"column":7}},{"start":{},"end":{}}],"line":77},"5":{"loc":{"start":{"line":81,"column":20},"end":{"line":81,"column":45}},"type":"binary-expr","locations":[{"start":{"line":81,"column":20},"end":{"line":81,"column":37}},{"start":{"line":81,"column":41},"end":{"line":81,"column":45}}],"line":81},"6":{"loc":{"start":{"line":82,"column":16},"end":{"line":82,"column":37}},"type":"binary-expr","locations":[{"start":{"line":82,"column":16},"end":{"line":82,"column":29}},{"start":{"line":82,"column":33},"end":{"line":82,"column":37}}],"line":82},"7":{"loc":{"start":{"line":89,"column":8},"end":{"line":89,"column":53}},"type":"if","locations":[{"start":{"line":89,"column":8},"end":{"line":89,"column":53}},{"start":{},"end":{}}],"line":89},"8":{"loc":{"start":{"line":95,"column":6},"end":{"line":123,"column":7}},"type":"if","locations":[{"start":{"line":95,"column":6},"end":{"line":123,"column":7}},{"start":{},"end":{}}],"line":95},"9":{"loc":{"start":{"line":108,"column":10},"end":{"line":108,"column":39}},"type":"if","locations":[{"start":{"line":108,"column":10},"end":{"line":108,"column":39}},{"start":{},"end":{}}],"line":108},"10":{"loc":{"start":{"line":122,"column":8},"end":{"line":122,"column":51}},"type":"if","locations":[{"start":{"line":122,"column":8},"end":{"line":122,"column":51}},{"start":{},"end":{}}],"line":122},"11":{"loc":{"start":{"line":128,"column":6},"end":{"line":134,"column":7}},"type":"if","locations":[{"start":{"line":128,"column":6},"end":{"line":134,"column":7}},{"start":{"line":130,"column":13},"end":{"line":134,"column":7}}],"line":128},"12":{"loc":{"start":{"line":130,"column":13},"end":{"line":134,"column":7}},"type":"if","locations":[{"start":{"line":130,"column":13},"end":{"line":134,"column":7}},{"start":{"line":132,"column":13},"end":{"line":134,"column":7}}],"line":130},"13":{"loc":{"start":{"line":130,"column":17},"end":{"line":130,"column":76}},"type":"binary-expr","locations":[{"start":{"line":130,"column":17},"end":{"line":130,"column":40}},{"start":{"line":130,"column":44},"end":{"line":130,"column":56}},{"start":{"line":130,"column":60},"end":{"line":130,"column":76}}],"line":130}},"s":{"0":19,"1":19,"2":19,"3":19,"4":19,"5":19,"6":19,"7":19,"8":19,"9":19,"10":1,"11":19,"12":0,"13":0,"14":0,"15":19,"16":0,"17":0,"18":0,"19":19,"20":4,"21":1,"22":1,"23":3,"24":1,"25":1,"26":2,"27":2,"28":2,"29":2,"30":2,"31":1,"32":1,"33":1,"34":1,"35":0,"36":0,"37":0,"38":0,"39":0,"40":1,"41":1,"42":1,"43":1,"44":0,"45":0,"46":0,"47":0,"48":0,"49":0,"50":0,"51":0,"52":0,"53":0,"54":0,"55":1,"56":1,"57":1,"58":0,"59":1,"60":1,"61":0,"62":2,"63":19,"64":20,"65":0,"66":0,"67":0,"68":0,"69":1},"f":{"0":19,"1":1,"2":0,"3":0,"4":4,"5":1,"6":0,"7":1,"8":1,"9":0,"10":20,"11":0,"12":0,"13":0,"14":0},"b":{"0":[1,3],"1":[1,2],"2":[2,2],"3":[1,1],"4":[0,1],"5":[0,0],"6":[0,0],"7":[0,0],"8":[0,1],"9":[0,0],"10":[0,0],"11":[0,1],"12":[1,0],"13":[1,1,1]},"_coverageSchema":"1a1c01bbd47fc00a2c39e90264f33305004495a9","hash":"cd9c502e3a331b7ae0c7a08b34c2bac3e62098c2"}
,"/Users/ironcandle1208/Documents/project/meals3/app/(app)/recipes/index.tsx": {"path":"/Users/ironcandle1208/Documents/project/meals3/app/(app)/recipes/index.tsx","statementMap":{"0":{"start":{"line":12,"column":17},"end":{"line":12,"column":28}},"1":{"start":{"line":13,"column":20},"end":{"line":13,"column":29}},"2":{"start":{"line":14,"column":17},"end":{"line":14,"column":92}},"3":{"start":{"line":15,"column":35},"end":{"line":15,"column":41}},"4":{"start":{"line":17,"column":32},"end":{"line":17,"column":54}},"5":{"start":{"line":18,"column":32},"end":{"line":18,"column":46}},"6":{"start":{"line":19,"column":40},"end":{"line":19,"column":52}},"7":{"start":{"line":21,"column":2},"end":{"line":29,"column":4}},"8":{"start":{"line":23,"column":6},"end":{"line":26,"column":7}},"9":{"start":{"line":24,"column":8},"end":{"line":24,"column":28}},"10":{"start":{"line":25,"column":8},"end":{"line":25,"column":15}},"11":{"start":{"line":27,"column":6},"end":{"line":27,"column":21}},"12":{"start":{"line":32,"column":23},"end":{"line":56,"column":3}},"13":{"start":{"line":33,"column":4},"end":{"line":55,"column":5}},"14":{"start":{"line":34,"column":6},"end":{"line":34,"column":23}},"15":{"start":{"line":36,"column":18},"end":{"line":40,"column":50}},"16":{"start":{"line":43,"column":6},"end":{"line":45,"column":7}},"17":{"start":{"line":44,"column":8},"end":{"line":44,"column":56}},"18":{"start":{"line":47,"column":30},"end":{"line":47,"column":41}},"19":{"start":{"line":49,"column":6},"end":{"line":49,"column":29}},"20":{"start":{"line":49,"column":17},"end":{"line":49,"column":29}},"21":{"start":{"line":50,"column":6},"end":{"line":50,"column":29}},"22":{"start":{"line":52,"column":6},"end":{"line":52,"column":54}},"23":{"start":{"line":54,"column":6},"end":{"line":54,"column":24}},"24":{"start":{"line":58,"column":28},"end":{"line":89,"column":3}},"25":{"start":{"line":59,"column":4},"end":{"line":88,"column":5}},"26":{"start":{"line":60,"column":6},"end":{"line":85,"column":7}},"27":{"start":{"line":61,"column":8},"end":{"line":61,"column":25}},"28":{"start":{"line":63,"column":26},"end":{"line":72,"column":12}},"29":{"start":{"line":74,"column":8},"end":{"line":74,"column":31}},"30":{"start":{"line":74,"column":19},"end":{"line":74,"column":31}},"31":{"start":{"line":79,"column":8},"end":{"line":79,"column":22}},"32":{"start":{"line":81,"column":8},"end":{"line":81,"column":55}},"33":{"start":{"line":84,"column":8},"end":{"line":84,"column":26}},"34":{"start":{"line":87,"column":6},"end":{"line":87,"column":43}},"35":{"start":{"line":91,"column":27},"end":{"line":99,"column":3}},"36":{"start":{"line":92,"column":4},"end":{"line":98,"column":11}},"37":{"start":{"line":92,"column":45},"end":{"line":92,"column":68}},"38":{"start":{"line":101,"column":2},"end":{"line":136,"column":4}},"39":{"start":{"line":121,"column":34},"end":{"line":121,"column":41}},"40":{"start":{"line":132,"column":23},"end":{"line":132,"column":53}},"41":{"start":{"line":139,"column":15},"end":{"line":173,"column":2}}},"fnMap":{"0":{"name":"RecipeList","decl":{"start":{"line":11,"column":24},"end":{"line":11,"column":34}},"loc":{"start":{"line":11,"column":37},"end":{"line":137,"column":1}},"line":11},"1":{"name":"(anonymous_1)","decl":{"start":{"line":22,"column":16},"end":{"line":22,"column":17}},"loc":{"start":{"line":22,"column":22},"end":{"line":28,"column":5}},"line":22},"2":{"name":"(anonymous_2)","decl":{"start":{"line":32,"column":23},"end":{"line":32,"column":24}},"loc":{"start":{"line":32,"column":35},"end":{"line":56,"column":3}},"line":32},"3":{"name":"(anonymous_3)","decl":{"start":{"line":58,"column":28},"end":{"line":58,"column":29}},"loc":{"start":{"line":58,"column":54},"end":{"line":89,"column":3}},"line":58},"4":{"name":"(anonymous_4)","decl":{"start":{"line":91,"column":27},"end":{"line":91,"column":28}},"loc":{"start":{"line":92,"column":4},"end":{"line":98,"column":11}},"line":92},"5":{"name":"(anonymous_5)","decl":{"start":{"line":92,"column":39},"end":{"line":92,"column":40}},"loc":{"start":{"line":92,"column":45},"end":{"line":92,"column":68}},"line":92},"6":{"name":"(anonymous_6)","decl":{"start":{"line":121,"column":24},"end":{"line":121,"column":25}},"loc":{"start":{"line":121,"column":34},"end":{"line":121,"column":41}},"line":121},"7":{"name":"(anonymous_7)","decl":{"start":{"line":132,"column":17},"end":{"line":132,"column":18}},"loc":{"start":{"line":132,"column":23},"end":{"line":132,"column":53}},"line":132}},"branchMap":{"0":{"loc":{"start":{"line":23,"column":6},"end":{"line":26,"column":7}},"type":"if","locations":[{"start":{"line":23,"column":6},"end":{"line":26,"column":7}},{"start":{},"end":{}}],"line":23},"1":{"loc":{"start":{"line":43,"column":6},"end":{"line":45,"column":7}},"type":"if","locations":[{"start":{"line":43,"column":6},"end":{"line":45,"column":7}},{"start":{},"end":{}}],"line":43},"2":{"loc":{"start":{"line":49,"column":6},"end":{"line":49,"column":29}},"type":"if","locations":[{"start":{"line":49,"column":6},"end":{"line":49,"column":29}},{"start":{},"end":{}}],"line":49},"3":{"loc":{"start":{"line":50,"column":17},"end":{"line":50,"column":27}},"type":"binary-expr","locations":[{"start":{"line":50,"column":17},"end":{"line":50,"column":21}},{"start":{"line":50,"column":25},"end":{"line":50,"column":27}}],"line":50},"4":{"loc":{"start":{"line":59,"column":4},"end":{"line":88,"column":5}},"type":"if","locations":[{"start":{"line":59,"column":4},"end":{"line":88,"column":5}},{"start":{"line":86,"column":11},"end":{"line":88,"column":5}}],"line":59},"5":{"loc":{"start":{"line":74,"column":8},"end":{"line":74,"column":31}},"type":"if","locations":[{"start":{"line":74,"column":8},"end":{"line":74,"column":31}},{"start":{},"end":{}}],"line":74},"6":{"loc":{"start":{"line":93,"column":7},"end":{"line":93,"column":72}},"type":"binary-expr","locations":[{"start":{"line":93,"column":7},"end":{"line":93,"column":21}},{"start":{"line":93,"column":25},"end":{"line":93,"column":72}}],"line":93},"7":{"loc":{"start":{"line":96,"column":18},"end":{"line":96,"column":65}},"type":"cond-expr","locations":[{"start":{"line":96,"column":38},"end":{"line":96,"column":53}},{"start":{"line":96,"column":56},"end":{"line":96,"column":65}}],"line":96},"8":{"loc":{"start":{"line":115,"column":7},"end":{"line":127,"column":7}},"type":"cond-expr","locations":[{"start":{"line":116,"column":8},"end":{"line":116,"column":68}},{"start":{"line":118,"column":8},"end":{"line":126,"column":10}}],"line":115}},"s":{"0":0,"1":0,"2":0,"3":0,"4":0,"5":0,"6":0,"7":0,"8":0,"9":0,"10":0,"11":0,"12":0,"13":0,"14":0,"15":0,"16":0,"17":0,"18":0,"19":0,"20":0,"21":0,"22":0,"23":0,"24":0,"25":0,"26":0,"27":0,"28":0,"29":0,"30":0,"31":0,"32":0,"33":0,"34":0,"35":0,"36":0,"37":0,"38":0,"39":0,"40":0,"41":0},"f":{"0":0,"1":0,"2":0,"3":0,"4":0,"5":0,"6":0,"7":0},"b":{"0":[0,0],"1":[0,0],"2":[0,0],"3":[0,0],"4":[0,0],"5":[0,0],"6":[0,0],"7":[0,0],"8":[0,0]}}
,"/Users/ironcandle1208/Documents/project/meals3/app/(app)/recipes/edit/[id].tsx": {"path":"/Users/ironcandle1208/Documents/project/meals3/app/(app)/recipes/edit/[id].tsx","statementMap":{"0":{"start":{"line":16,"column":17},"end":{"line":16,"column":28}},"1":{"start":{"line":17,"column":17},"end":{"line":17,"column":55}},"2":{"start":{"line":18,"column":20},"end":{"line":18,"column":29}},"3":{"start":{"line":19,"column":32},"end":{"line":19,"column":46}},"4":{"start":{"line":20,"column":30},"end":{"line":20,"column":45}},"5":{"start":{"line":21,"column":28},"end":{"line":21,"column":40}},"6":{"start":{"line":23,"column":26},"end":{"line":23,"column":38}},"7":{"start":{"line":24,"column":42},"end":{"line":24,"column":54}},"8":{"start":{"line":25,"column":34},"end":{"line":25,"column":46}},"9":{"start":{"line":26,"column":26},"end":{"line":26,"column":38}},"10":{"start":{"line":27,"column":40},"end":{"line":27,"column":107}},"11":{"start":{"line":29,"column":2},"end":{"line":31,"column":11}},"12":{"start":{"line":30,"column":4},"end":{"line":30,"column":22}},"13":{"start":{"line":34,"column":26},"end":{"line":88,"column":3}},"14":{"start":{"line":35,"column":4},"end":{"line":87,"column":5}},"15":{"start":{"line":36,"column":6},"end":{"line":36,"column":23}},"16":{"start":{"line":39,"column":55},"end":{"line":43,"column":17}},"17":{"start":{"line":45,"column":6},"end":{"line":45,"column":41}},"18":{"start":{"line":45,"column":23},"end":{"line":45,"column":41}},"19":{"start":{"line":47,"column":6},"end":{"line":47,"column":31}},"20":{"start":{"line":48,"column":6},"end":{"line":48,"column":53}},"21":{"start":{"line":49,"column":6},"end":{"line":49,"column":46}},"22":{"start":{"line":52,"column":65},"end":{"line":55,"column":28}},"23":{"start":{"line":57,"column":6},"end":{"line":57,"column":51}},"24":{"start":{"line":57,"column":28},"end":{"line":57,"column":51}},"25":{"start":{"line":59,"column":6},"end":{"line":66,"column":7}},"26":{"start":{"line":60,"column":8},"end":{"line":65,"column":13}},"27":{"start":{"line":60,"column":49},"end":{"line":65,"column":9}},"28":{"start":{"line":69,"column":51},"end":{"line":72,"column":28}},"29":{"start":{"line":74,"column":6},"end":{"line":74,"column":37}},"30":{"start":{"line":74,"column":21},"end":{"line":74,"column":37}},"31":{"start":{"line":76,"column":6},"end":{"line":79,"column":7}},"32":{"start":{"line":77,"column":25},"end":{"line":77,"column":83}},"33":{"start":{"line":77,"column":43},"end":{"line":77,"column":55}},"34":{"start":{"line":78,"column":8},"end":{"line":78,"column":26}},"35":{"start":{"line":82,"column":6},"end":{"line":82,"column":51}},"36":{"start":{"line":83,"column":6},"end":{"line":83,"column":52}},"37":{"start":{"line":84,"column":6},"end":{"line":84,"column":20}},"38":{"start":{"line":86,"column":6},"end":{"line":86,"column":24}},"39":{"start":{"line":91,"column":30},"end":{"line":93,"column":3}},"40":{"start":{"line":92,"column":4},"end":{"line":92,"column":75}},"41":{"start":{"line":95,"column":33},"end":{"line":99,"column":3}},"42":{"start":{"line":96,"column":27},"end":{"line":96,"column":43}},"43":{"start":{"line":97,"column":4},"end":{"line":97,"column":36}},"44":{"start":{"line":98,"column":4},"end":{"line":98,"column":35}},"45":{"start":{"line":101,"column":33},"end":{"line":106,"column":3}},"46":{"start":{"line":102,"column":27},"end":{"line":102,"column":43}},"47":{"start":{"line":104,"column":4},"end":{"line":104,"column":40}},"48":{"start":{"line":105,"column":4},"end":{"line":105,"column":35}},"49":{"start":{"line":109,"column":29},"end":{"line":204,"column":3}},"50":{"start":{"line":110,"column":4},"end":{"line":113,"column":5}},"51":{"start":{"line":111,"column":6},"end":{"line":111,"column":42}},"52":{"start":{"line":112,"column":6},"end":{"line":112,"column":13}},"53":{"start":{"line":114,"column":4},"end":{"line":117,"column":5}},"54":{"start":{"line":115,"column":6},"end":{"line":115,"column":36}},"55":{"start":{"line":116,"column":6},"end":{"line":116,"column":13}},"56":{"start":{"line":119,"column":4},"end":{"line":119,"column":20}},"57":{"start":{"line":120,"column":4},"end":{"line":120,"column":17}},"58":{"start":{"line":122,"column":4},"end":{"line":203,"column":5}},"59":{"start":{"line":124,"column":37},"end":{"line":131,"column":21}},"60":{"start":{"line":133,"column":6},"end":{"line":133,"column":41}},"61":{"start":{"line":133,"column":23},"end":{"line":133,"column":41}},"62":{"start":{"line":136,"column":48},"end":{"line":139,"column":28}},"63":{"start":{"line":141,"column":6},"end":{"line":141,"column":63}},"64":{"start":{"line":141,"column":34},"end":{"line":141,"column":63}},"65":{"start":{"line":143,"column":31},"end":{"line":143,"column":69}},"66":{"start":{"line":143,"column":55},"end":{"line":143,"column":68}},"67":{"start":{"line":144,"column":6},"end":{"line":157,"column":7}},"68":{"start":{"line":145,"column":32},"end":{"line":150,"column":11}},"69":{"start":{"line":145,"column":59},"end":{"line":150,"column":9}},"70":{"start":{"line":152,"column":44},"end":{"line":154,"column":34}},"71":{"start":{"line":156,"column":8},"end":{"line":156,"column":53}},"72":{"start":{"line":156,"column":30},"end":{"line":156,"column":53}},"73":{"start":{"line":160,"column":41},"end":{"line":163,"column":28}},"74":{"start":{"line":165,"column":6},"end":{"line":165,"column":49}},"75":{"start":{"line":165,"column":27},"end":{"line":165,"column":49}},"76":{"start":{"line":167,"column":23},"end":{"line":167,"column":72}},"77":{"start":{"line":167,"column":48},"end":{"line":167,"column":56}},"78":{"start":{"line":167,"column":70},"end":{"line":167,"column":71}},"79":{"start":{"line":168,"column":6},"end":{"line":191,"column":7}},"80":{"start":{"line":169,"column":33},"end":{"line":169,"column":35}},"81":{"start":{"line":170,"column":8},"end":{"line":179,"column":9}},"82":{"start":{"line":171,"column":49},"end":{"line":175,"column":21}},"83":{"start":{"line":177,"column":10},"end":{"line":177,"column":39}},"84":{"start":{"line":177,"column":24},"end":{"line":177,"column":39}},"85":{"start":{"line":178,"column":10},"end":{"line":178,"column":30}},"86":{"start":{"line":181,"column":31},"end":{"line":184,"column":11}},"87":{"start":{"line":181,"column":52},"end":{"line":184,"column":9}},"88":{"start":{"line":186,"column":43},"end":{"line":188,"column":33}},"89":{"start":{"line":190,"column":8},"end":{"line":190,"column":51}},"90":{"start":{"line":190,"column":29},"end":{"line":190,"column":51}},"91":{"start":{"line":193,"column":6},"end":{"line":193,"column":20}},"92":{"start":{"line":195,"column":6},"end":{"line":195,"column":51}},"93":{"start":{"line":196,"column":6},"end":{"line":200,"column":7}},"94":{"start":{"line":197,"column":8},"end":{"line":197,"column":30}},"95":{"start":{"line":199,"column":8},"end":{"line":199,"column":49}},"96":{"start":{"line":202,"column":6},"end":{"line":202,"column":23}},"97":{"start":{"line":206,"column":2},"end":{"line":212,"column":3}},"98":{"start":{"line":207,"column":4},"end":{"line":211,"column":6}},"99":{"start":{"line":214,"column":2},"end":{"line":303,"column":4}},"100":{"start":{"line":246,"column":8},"end":{"line":273,"column":15}},"101":{"start":{"line":250,"column":36},"end":{"line":250,"column":79}},"102":{"start":{"line":257,"column":36},"end":{"line":257,"column":83}},"103":{"start":{"line":264,"column":36},"end":{"line":264,"column":79}},"104":{"start":{"line":271,"column":27},"end":{"line":271,"column":56}},"105":{"start":{"line":306,"column":15},"end":{"line":347,"column":2}}},"fnMap":{"0":{"name":"EditRecipe","decl":{"start":{"line":15,"column":24},"end":{"line":15,"column":34}},"loc":{"start":{"line":15,"column":37},"end":{"line":304,"column":1}},"line":15},"1":{"name":"(anonymous_1)","decl":{"start":{"line":29,"column":12},"end":{"line":29,"column":13}},"loc":{"start":{"line":29,"column":18},"end":{"line":31,"column":3}},"line":29},"2":{"name":"(anonymous_2)","decl":{"start":{"line":34,"column":26},"end":{"line":34,"column":27}},"loc":{"start":{"line":34,"column":38},"end":{"line":88,"column":3}},"line":34},"3":{"name":"(anonymous_3)","decl":{"start":{"line":60,"column":43},"end":{"line":60,"column":44}},"loc":{"start":{"line":60,"column":49},"end":{"line":65,"column":9}},"line":60},"4":{"name":"(anonymous_4)","decl":{"start":{"line":77,"column":38},"end":{"line":77,"column":39}},"loc":{"start":{"line":77,"column":43},"end":{"line":77,"column":55}},"line":77},"5":{"name":"(anonymous_5)","decl":{"start":{"line":91,"column":30},"end":{"line":91,"column":31}},"loc":{"start":{"line":91,"column":36},"end":{"line":93,"column":3}},"line":91},"6":{"name":"(anonymous_6)","decl":{"start":{"line":95,"column":33},"end":{"line":95,"column":34}},"loc":{"start":{"line":95,"column":52},"end":{"line":99,"column":3}},"line":95},"7":{"name":"(anonymous_7)","decl":{"start":{"line":101,"column":33},"end":{"line":101,"column":34}},"loc":{"start":{"line":101,"column":96},"end":{"line":106,"column":3}},"line":101},"8":{"name":"(anonymous_8)","decl":{"start":{"line":109,"column":29},"end":{"line":109,"column":30}},"loc":{"start":{"line":109,"column":41},"end":{"line":204,"column":3}},"line":109},"9":{"name":"(anonymous_9)","decl":{"start":{"line":143,"column":50},"end":{"line":143,"column":51}},"loc":{"start":{"line":143,"column":55},"end":{"line":143,"column":68}},"line":143},"10":{"name":"(anonymous_10)","decl":{"start":{"line":145,"column":53},"end":{"line":145,"column":54}},"loc":{"start":{"line":145,"column":59},"end":{"line":150,"column":9}},"line":145},"11":{"name":"(anonymous_11)","decl":{"start":{"line":167,"column":43},"end":{"line":167,"column":44}},"loc":{"start":{"line":167,"column":48},"end":{"line":167,"column":56}},"line":167},"12":{"name":"(anonymous_12)","decl":{"start":{"line":167,"column":65},"end":{"line":167,"column":66}},"loc":{"start":{"line":167,"column":70},"end":{"line":167,"column":71}},"line":167},"13":{"name":"(anonymous_13)","decl":{"start":{"line":181,"column":42},"end":{"line":181,"column":43}},"loc":{"start":{"line":181,"column":52},"end":{"line":184,"column":9}},"line":181},"14":{"name":"(anonymous_14)","decl":{"start":{"line":245,"column":23},"end":{"line":245,"column":24}},"loc":{"start":{"line":246,"column":8},"end":{"line":273,"column":15}},"line":246},"15":{"name":"(anonymous_15)","decl":{"start":{"line":250,"column":26},"end":{"line":250,"column":27}},"loc":{"start":{"line":250,"column":36},"end":{"line":250,"column":79}},"line":250},"16":{"name":"(anonymous_16)","decl":{"start":{"line":257,"column":26},"end":{"line":257,"column":27}},"loc":{"start":{"line":257,"column":36},"end":{"line":257,"column":83}},"line":257},"17":{"name":"(anonymous_17)","decl":{"start":{"line":264,"column":26},"end":{"line":264,"column":27}},"loc":{"start":{"line":264,"column":36},"end":{"line":264,"column":79}},"line":264},"18":{"name":"(anonymous_18)","decl":{"start":{"line":271,"column":21},"end":{"line":271,"column":22}},"loc":{"start":{"line":271,"column":27},"end":{"line":271,"column":56}},"line":271}},"branchMap":{"0":{"loc":{"start":{"line":45,"column":6},"end":{"line":45,"column":41}},"type":"if","locations":[{"start":{"line":45,"column":6},"end":{"line":45,"column":41}},{"start":{},"end":{}}],"line":45},"1":{"loc":{"start":{"line":48,"column":22},"end":{"line":48,"column":51}},"type":"binary-expr","locations":[{"start":{"line":48,"column":22},"end":{"line":48,"column":45}},{"start":{"line":48,"column":49},"end":{"line":48,"column":51}}],"line":48},"2":{"loc":{"start":{"line":49,"column":18},"end":{"line":49,"column":44}},"type":"binary-expr","locations":[{"start":{"line":49,"column":18},"end":{"line":49,"column":38}},{"start":{"line":49,"column":42},"end":{"line":49,"column":44}}],"line":49},"3":{"loc":{"start":{"line":57,"column":6},"end":{"line":57,"column":51}},"type":"if","locations":[{"start":{"line":57,"column":6},"end":{"line":57,"column":51}},{"start":{},"end":{}}],"line":57},"4":{"loc":{"start":{"line":59,"column":6},"end":{"line":66,"column":7}},"type":"if","locations":[{"start":{"line":59,"column":6},"end":{"line":66,"column":7}},{"start":{},"end":{}}],"line":59},"5":{"loc":{"start":{"line":59,"column":10},"end":{"line":59,"column":55}},"type":"binary-expr","locations":[{"start":{"line":59,"column":10},"end":{"line":59,"column":25}},{"start":{"line":59,"column":29},"end":{"line":59,"column":55}}],"line":59},"6":{"loc":{"start":{"line":63,"column":20},"end":{"line":63,"column":36}},"type":"binary-expr","locations":[{"start":{"line":63,"column":20},"end":{"line":63,"column":30}},{"start":{"line":63,"column":34},"end":{"line":63,"column":36}}],"line":63},"7":{"loc":{"start":{"line":64,"column":16},"end":{"line":64,"column":28}},"type":"binary-expr","locations":[{"start":{"line":64,"column":16},"end":{"line":64,"column":22}},{"start":{"line":64,"column":26},"end":{"line":64,"column":28}}],"line":64},"8":{"loc":{"start":{"line":74,"column":6},"end":{"line":74,"column":37}},"type":"if","locations":[{"start":{"line":74,"column":6},"end":{"line":74,"column":37}},{"start":{},"end":{}}],"line":74},"9":{"loc":{"start":{"line":76,"column":6},"end":{"line":79,"column":7}},"type":"if","locations":[{"start":{"line":76,"column":6},"end":{"line":79,"column":7}},{"start":{},"end":{}}],"line":76},"10":{"loc":{"start":{"line":76,"column":10},"end":{"line":76,"column":41}},"type":"binary-expr","locations":[{"start":{"line":76,"column":10},"end":{"line":76,"column":18}},{"start":{"line":76,"column":22},"end":{"line":76,"column":41}}],"line":76},"11":{"loc":{"start":{"line":110,"column":4},"end":{"line":113,"column":5}},"type":"if","locations":[{"start":{"line":110,"column":4},"end":{"line":113,"column":5}},{"start":{},"end":{}}],"line":110},"12":{"loc":{"start":{"line":114,"column":4},"end":{"line":117,"column":5}},"type":"if","locations":[{"start":{"line":114,"column":4},"end":{"line":117,"column":5}},{"start":{},"end":{}}],"line":114},"13":{"loc":{"start":{"line":129,"column":21},"end":{"line":129,"column":44}},"type":"binary-expr","locations":[{"start":{"line":129,"column":21},"end":{"line":129,"column":36}},{"start":{"line":129,"column":40},"end":{"line":129,"column":44}}],"line":129},"14":{"loc":{"start":{"line":133,"column":6},"end":{"line":133,"column":41}},"type":"if","locations":[{"start":{"line":133,"column":6},"end":{"line":133,"column":41}},{"start":{},"end":{}}],"line":133},"15":{"loc":{"start":{"line":141,"column":6},"end":{"line":141,"column":63}},"type":"if","locations":[{"start":{"line":141,"column":6},"end":{"line":141,"column":63}},{"start":{},"end":{}}],"line":141},"16":{"loc":{"start":{"line":144,"column":6},"end":{"line":157,"column":7}},"type":"if","locations":[{"start":{"line":144,"column":6},"end":{"line":157,"column":7}},{"start":{},"end":{}}],"line":144},"17":{"loc":{"start":{"line":148,"column":20},"end":{"line":148,"column":45}},"type":"binary-expr","locations":[{"start":{"line":148,"column":20},"end":{"line":148,"column":37}},{"start":{"line":148,"column":41},"end":{"line":148,"column":45}}],"line":148},"18":{"loc":{"start":{"line":149,"column":16},"end":{"line":149,"column":37}},"type":"binary-expr","locations":[{"start":{"line":149,"column":16},"end":{"line":149,"column":29}},{"start":{"line":149,"column":33},"end":{"line":149,"column":37}}],"line":149},"19":{"loc":{"start":{"line":156,"column":8},"end":{"line":156,"column":53}},"type":"if","locations":[{"start":{"line":156,"column":8},"end":{"line":156,"column":53}},{"start":{},"end":{}}],"line":156},"20":{"loc":{"start":{"line":165,"column":6},"end":{"line":165,"column":49}},"type":"if","locations":[{"start":{"line":165,"column":6},"end":{"line":165,"column":49}},{"start":{},"end":{}}],"line":165},"21":{"loc":{"start":{"line":168,"column":6},"end":{"line":191,"column":7}},"type":"if","locations":[{"start":{"line":168,"column":6},"end":{"line":191,"column":7}},{"start":{},"end":{}}],"line":168},"22":{"loc":{"start":{"line":177,"column":10},"end":{"line":177,"column":39}},"type":"if","locations":[{"start":{"line":177,"column":10},"end":{"line":177,"column":39}},{"start":{},"end":{}}],"line":177},"23":{"loc":{"start":{"line":190,"column":8},"end":{"line":190,"column":51}},"type":"if","locations":[{"start":{"line":190,"column":8},"end":{"line":190,"column":51}},{"start":{},"end":{}}],"line":190},"24":{"loc":{"start":{"line":196,"column":6},"end":{"line":200,"column":7}},"type":"if","locations":[{"start":{"line":196,"column":6},"end":{"line":200,"column":7}},{"start":{"line":198,"column":13},"end":{"line":200,"column":7}}],"line":196},"25":{"loc":{"start":{"line":206,"column":2},"end":{"line":212,"column":3}},"type":"if","locations":[{"start":{"line":206,"column":2},"end":{"line":212,"column":3}},{"start":{},"end":{}}],"line":206}},"s":{"0":0,"1":0,"2":0,"3":0,"4":0,"5":0,"6":0,"7":0,"8":0,"9":0,"10":0,"11":0,"12":0,"13":0,"14":0,"15":0,"16":0,"17":0,"18":0,"19":0,"20":0,"21":0,"22":0,"23":0,"24":0,"25":0,"26":0,"27":0,"28":0,"29":0,"30":0,"31":0,"32":0,"33":0,"34":0,"35":0,"36":0,"37":0,"38":0,"39":0,"40":0,"41":0,"42":0,"43":0,"44":0,"45":0,"46":0,"47":0,"48":0,"49":0,"50":0,"51":0,"52":0,"53":0,"54":0,"55":0,"56":0,"57":0,"58":0,"59":0,"60":0,"61":0,"62":0,"63":0,"64":0,"65":0,"66":0,"67":0,"68":0,"69":0,"70":0,"71":0,"72":0,"73":0,"74":0,"75":0,"76":0,"77":0,"78":0,"79":0,"80":0,"81":0,"82":0,"83":0,"84":0,"85":0,"86":0,"87":0,"88":0,"89":0,"90":0,"91":0,"92":0,"93":0,"94":0,"95":0,"96":0,"97":0,"98":0,"99":0,"100":0,"101":0,"102":0,"103":0,"104":0,"105":0},"f":{"0":0,"1":0,"2":0,"3":0,"4":0,"5":0,"6":0,"7":0,"8":0,"9":0,"10":0,"11":0,"12":0,"13":0,"14":0,"15":0,"16":0,"17":0,"18":0},"b":{"0":[0,0],"1":[0,0],"2":[0,0],"3":[0,0],"4":[0,0],"5":[0,0],"6":[0,0],"7":[0,0],"8":[0,0],"9":[0,0],"10":[0,0],"11":[0,0],"12":[0,0],"13":[0,0],"14":[0,0],"15":[0,0],"16":[0,0],"17":[0,0],"18":[0,0],"19":[0,0],"20":[0,0],"21":[0,0],"22":[0,0],"23":[0,0],"24":[0,0],"25":[0,0]}}
,"/Users/ironcandle1208/Documents/project/meals3/app/(app)/schedule/index.tsx": {"path":"/Users/ironcandle1208/Documents/project/meals3/app/(app)/schedule/index.tsx","statementMap":{"0":{"start":{"line":26,"column":17},"end":{"line":26,"column":28}},"1":{"start":{"line":27,"column":20},"end":{"line":27,"column":29}},"2":{"start":{"line":28,"column":28},"end":{"line":28,"column":76}},"3":{"start":{"line":29,"column":32},"end":{"line":29,"column":47}},"4":{"start":{"line":30,"column":42},"end":{"line":30,"column":54}},"5":{"start":{"line":33,"column":32},"end":{"line":33,"column":47}},"6":{"start":{"line":34,"column":34},"end":{"line":34,"column":52}},"7":{"start":{"line":37,"column":2},"end":{"line":44,"column":4}},"8":{"start":{"line":39,"column":6},"end":{"line":41,"column":7}},"9":{"start":{"line":40,"column":8},"end":{"line":40,"column":15}},"10":{"start":{"line":42,"column":6},"end":{"line":42,"column":23}},"11":{"start":{"line":47,"column":25},"end":{"line":77,"column":3}},"12":{"start":{"line":48,"column":4},"end":{"line":76,"column":5}},"13":{"start":{"line":49,"column":6},"end":{"line":49,"column":23}},"14":{"start":{"line":50,"column":30},"end":{"line":56,"column":34}},"15":{"start":{"line":58,"column":6},"end":{"line":58,"column":29}},"16":{"start":{"line":58,"column":17},"end":{"line":58,"column":29}},"17":{"start":{"line":60,"column":59},"end":{"line":60,"column":61}},"18":{"start":{"line":62,"column":27},"end":{"line":62,"column":49}},"19":{"start":{"line":64,"column":6},"end":{"line":70,"column":9}},"20":{"start":{"line":65,"column":21},"end":{"line":65,"column":30}},"21":{"start":{"line":66,"column":8},"end":{"line":68,"column":9}},"22":{"start":{"line":67,"column":10},"end":{"line":67,"column":30}},"23":{"start":{"line":69,"column":8},"end":{"line":69,"column":34}},"24":{"start":{"line":71,"column":6},"end":{"line":71,"column":25}},"25":{"start":{"line":73,"column":6},"end":{"line":73,"column":56}},"26":{"start":{"line":75,"column":6},"end":{"line":75,"column":24}},"27":{"start":{"line":79,"column":35},"end":{"line":82,"column":23}},"28":{"start":{"line":80,"column":4},"end":{"line":80,"column":54}},"29":{"start":{"line":81,"column":4},"end":{"line":81,"column":15}},"30":{"start":{"line":84,"column":2},"end":{"line":86,"column":3}},"31":{"start":{"line":85,"column":4},"end":{"line":85,"column":107}},"32":{"start":{"line":88,"column":25},"end":{"line":90,"column":3}},"33":{"start":{"line":89,"column":4},"end":{"line":89,"column":36}},"34":{"start":{"line":92,"column":20},"end":{"line":98,"column":3}},"35":{"start":{"line":93,"column":4},"end":{"line":96,"column":5}},"36":{"start":{"line":94,"column":6},"end":{"line":94,"column":48}},"37":{"start":{"line":95,"column":6},"end":{"line":95,"column":13}},"38":{"start":{"line":97,"column":4},"end":{"line":97,"column":21}},"39":{"start":{"line":100,"column":20},"end":{"line":100,"column":43}},"40":{"start":{"line":100,"column":26},"end":{"line":100,"column":43}},"41":{"start":{"line":102,"column":34},"end":{"line":109,"column":3}},"42":{"start":{"line":103,"column":4},"end":{"line":103,"column":16}},"43":{"start":{"line":105,"column":4},"end":{"line":108,"column":7}},"44":{"start":{"line":111,"column":2},"end":{"line":169,"column":4}},"45":{"start":{"line":132,"column":12},"end":{"line":138,"column":19}},"46":{"start":{"line":136,"column":33},"end":{"line":136,"column":108}},"47":{"start":{"line":157,"column":53},"end":{"line":157,"column":71}},"48":{"start":{"line":172,"column":21},"end":{"line":180,"column":1}},"49":{"start":{"line":173,"column":2},"end":{"line":179,"column":3}},"50":{"start":{"line":174,"column":22},"end":{"line":174,"column":34}},"51":{"start":{"line":175,"column":18},"end":{"line":175,"column":30}},"52":{"start":{"line":176,"column":19},"end":{"line":176,"column":32}},"53":{"start":{"line":177,"column":18},"end":{"line":177,"column":30}},"54":{"start":{"line":178,"column":13},"end":{"line":178,"column":25}},"55":{"start":{"line":182,"column":15},"end":{"line":228,"column":2}}},"fnMap":{"0":{"name":"Schedule","decl":{"start":{"line":25,"column":24},"end":{"line":25,"column":32}},"loc":{"start":{"line":25,"column":35},"end":{"line":170,"column":1}},"line":25},"1":{"name":"(anonymous_1)","decl":{"start":{"line":38,"column":16},"end":{"line":38,"column":17}},"loc":{"start":{"line":38,"column":22},"end":{"line":43,"column":5}},"line":38},"2":{"name":"(anonymous_2)","decl":{"start":{"line":47,"column":25},"end":{"line":47,"column":26}},"loc":{"start":{"line":47,"column":37},"end":{"line":77,"column":3}},"line":47},"3":{"name":"(anonymous_3)","decl":{"start":{"line":64,"column":27},"end":{"line":64,"column":28}},"loc":{"start":{"line":64,"column":35},"end":{"line":70,"column":7}},"line":64},"4":{"name":"(anonymous_4)","decl":{"start":{"line":79,"column":61},"end":{"line":79,"column":62}},"loc":{"start":{"line":79,"column":76},"end":{"line":82,"column":3}},"line":79},"5":{"name":"(anonymous_5)","decl":{"start":{"line":88,"column":25},"end":{"line":88,"column":26}},"loc":{"start":{"line":88,"column":44},"end":{"line":90,"column":3}},"line":88},"6":{"name":"(anonymous_6)","decl":{"start":{"line":92,"column":20},"end":{"line":92,"column":21}},"loc":{"start":{"line":92,"column":26},"end":{"line":98,"column":3}},"line":92},"7":{"name":"(anonymous_7)","decl":{"start":{"line":100,"column":20},"end":{"line":100,"column":21}},"loc":{"start":{"line":100,"column":26},"end":{"line":100,"column":43}},"line":100},"8":{"name":"(anonymous_8)","decl":{"start":{"line":102,"column":34},"end":{"line":102,"column":35}},"loc":{"start":{"line":102,"column":40},"end":{"line":109,"column":3}},"line":102},"9":{"name":"(anonymous_9)","decl":{"start":{"line":131,"column":51},"end":{"line":131,"column":52}},"loc":{"start":{"line":132,"column":12},"end":{"line":138,"column":19}},"line":132},"10":{"name":"(anonymous_10)","decl":{"start":{"line":136,"column":22},"end":{"line":136,"column":23}},"loc":{"start":{"line":136,"column":33},"end":{"line":136,"column":108}},"line":136},"11":{"name":"(anonymous_11)","decl":{"start":{"line":157,"column":44},"end":{"line":157,"column":45}},"loc":{"start":{"line":157,"column":53},"end":{"line":157,"column":71}},"line":157},"12":{"name":"(anonymous_12)","decl":{"start":{"line":172,"column":21},"end":{"line":172,"column":22}},"loc":{"start":{"line":172,"column":39},"end":{"line":180,"column":1}},"line":172}},"branchMap":{"0":{"loc":{"start":{"line":39,"column":6},"end":{"line":41,"column":7}},"type":"if","locations":[{"start":{"line":39,"column":6},"end":{"line":41,"column":7}},{"start":{},"end":{}}],"line":39},"1":{"loc":{"start":{"line":58,"column":6},"end":{"line":58,"column":29}},"type":"if","locations":[{"start":{"line":58,"column":6},"end":{"line":58,"column":29}},{"start":{},"end":{}}],"line":58},"2":{"loc":{"start":{"line":66,"column":8},"end":{"line":68,"column":9}},"type":"if","locations":[{"start":{"line":66,"column":8},"end":{"line":68,"column":9}},{"start":{},"end":{}}],"line":66},"3":{"loc":{"start":{"line":84,"column":2},"end":{"line":86,"column":3}},"type":"if","locations":[{"start":{"line":84,"column":2},"end":{"line":86,"column":3}},{"start":{},"end":{}}],"line":84},"4":{"loc":{"start":{"line":93,"column":4},"end":{"line":96,"column":5}},"type":"if","locations":[{"start":{"line":93,"column":4},"end":{"line":96,"column":5}},{"start":{},"end":{}}],"line":93},"5":{"loc":{"start":{"line":125,"column":11},"end":{"line":125,"column":71}},"type":"cond-expr","locations":[{"start":{"line":125,"column":26},"end":{"line":125,"column":53}},{"start":{"line":125,"column":56},"end":{"line":125,"column":71}}],"line":125},"6":{"loc":{"start":{"line":128,"column":9},"end":{"line":140,"column":9}},"type":"cond-expr","locations":[{"start":{"line":129,"column":10},"end":{"line":129,"column":70}},{"start":{"line":131,"column":10},"end":{"line":139,"column":12}}],"line":128},"7":{"loc":{"start":{"line":131,"column":10},"end":{"line":139,"column":12}},"type":"binary-expr","locations":[{"start":{"line":131,"column":10},"end":{"line":131,"column":22}},{"start":{"line":131,"column":26},"end":{"line":139,"column":12}}],"line":131},"8":{"loc":{"start":{"line":134,"column":23},"end":{"line":134,"column":61}},"type":"binary-expr","locations":[{"start":{"line":134,"column":23},"end":{"line":134,"column":41}},{"start":{"line":134,"column":45},"end":{"line":134,"column":61}}],"line":134},"9":{"loc":{"start":{"line":142,"column":9},"end":{"line":144,"column":9}},"type":"binary-expr","locations":[{"start":{"line":142,"column":9},"end":{"line":142,"column":21}},{"start":{"line":142,"column":26},"end":{"line":142,"column":46}},{"start":{"line":142,"column":50},"end":{"line":142,"column":82}},{"start":{"line":143,"column":10},"end":{"line":143,"column":67}}],"line":142},"10":{"loc":{"start":{"line":173,"column":2},"end":{"line":179,"column":3}},"type":"switch","locations":[{"start":{"line":174,"column":4},"end":{"line":174,"column":34}},{"start":{"line":175,"column":4},"end":{"line":175,"column":30}},{"start":{"line":176,"column":4},"end":{"line":176,"column":32}},{"start":{"line":177,"column":4},"end":{"line":177,"column":30}},{"start":{"line":178,"column":4},"end":{"line":178,"column":25}}],"line":173}},"s":{"0":2,"1":2,"2":2,"3":2,"4":2,"5":2,"6":2,"7":2,"8":0,"9":0,"10":0,"11":2,"12":0,"13":0,"14":0,"15":0,"16":0,"17":0,"18":0,"19":0,"20":0,"21":0,"22":0,"23":0,"24":0,"25":0,"26":0,"27":2,"28":0,"29":0,"30":2,"31":0,"32":2,"33":0,"34":2,"35":0,"36":0,"37":0,"38":0,"39":2,"40":0,"41":2,"42":0,"43":0,"44":2,"45":0,"46":0,"47":0,"48":1,"49":0,"50":0,"51":0,"52":0,"53":0,"54":0,"55":1},"f":{"0":2,"1":0,"2":0,"3":0,"4":0,"5":0,"6":0,"7":0,"8":0,"9":0,"10":0,"11":0,"12":0},"b":{"0":[0,0],"1":[0,0],"2":[0,0],"3":[0,2],"4":[0,0],"5":[0,2],"6":[0,2],"7":[2,0],"8":[0,0],"9":[2,0,0,0],"10":[0,0,0,0,0]},"_coverageSchema":"1a1c01bbd47fc00a2c39e90264f33305004495a9","hash":"1e5fbebcba57bec1b2ebe1de1aafdc74e10b7a5d"}
[...]
1":{"start":{"line":249,"column":34},"end":{"line":249,"column":41}},"82":{"start":{"line":262,"column":23},"end":{"line":262,"column":39}},"83":{"start":{"line":267,"column":50},"end":{"line":267,"column":67}},"84":{"start":{"line":285,"column":15},"end":{"line":345,"column":2}}},"fnMap":{"0":{"name":"ShoppingList","decl":{"start":{"line":27,"column":24},"end":{"line":27,"column":36}},"loc":{"start":{"line":27,"column":39},"end":{"line":283,"column":1}},"line":27},"1":{"name":"(anonymous_1)","decl":{"start":{"line":37,"column":16},"end":{"line":37,"column":17}},"loc":{"start":{"line":37,"column":22},"end":{"line":42,"column":5}},"line":37},"2":{"name":"(anonymous_2)","decl":{"start":{"line":46,"column":29},"end":{"line":46,"column":30}},"loc":{"start":{"line":46,"column":41},"end":{"line":62,"column":3}},"line":46},"3":{"name":"(anonymous_3)","decl":{"start":{"line":65,"column":31},"end":{"line":65,"column":32}},"loc":{"start":{"line":65,"column":43},"end":{"line":143,"column":3}},"line":65},"4":{"name":"(anonymous_4)","decl":{"start":{"line":90,"column":24},"end":{"line":90,"column":25}},"loc":{"start":{"line":90,"column":36},"end":{"line":108,"column":7}},"line":90},"5":{"name":"(anonymous_5)","decl":{"start":{"line":93,"column":47},"end":{"line":93,"column":48}},"loc":{"start":{"line":93,"column":61},"end":{"line":106,"column":11}},"line":93},"6":{"name":"(anonymous_6)","decl":{"start":{"line":121,"column":64},"end":{"line":121,"column":65}},"loc":{"start":{"line":121,"column":72},"end":{"line":126,"column":9}},"line":121},"7":{"name":"(anonymous_7)","decl":{"start":{"line":146,"column":22},"end":{"line":146,"column":23}},"loc":{"start":{"line":146,"column":52},"end":{"line":162,"column":3}},"line":146},"8":{"name":"(anonymous_8)","decl":{"start":{"line":156,"column":25},"end":{"line":156,"column":26}},"loc":{"start":{"line":157,"column":8},"end":{"line":157,"column":70}},"line":157},"9":{"name":"(anonymous_9)","decl":{"start":{"line":165,"column":21},"end":{"line":165,"column":22}},"loc":{"start":{"line":165,"column":47},"end":{"line":178,"column":3}},"line":165},"10":{"name":"(anonymous_10)","decl":{"start":{"line":174,"column":28},"end":{"line":174,"column":29}},"loc":{"start":{"line":174,"column":33},"end":{"line":174,"column":48}},"line":174},"11":{"name":"(anonymous_11)","decl":{"start":{"line":181,"column":24},"end":{"line":181,"column":25}},"loc":{"start":{"line":181,"column":36},"end":{"line":206,"column":3}},"line":181},"12":{"name":"(anonymous_12)","decl":{"start":{"line":208,"column":21},"end":{"line":208,"column":22}},"loc":{"start":{"line":209,"column":4},"end":{"line":227,"column":11}},"line":209},"13":{"name":"(anonymous_13)","decl":{"start":{"line":212,"column":17},"end":{"line":212,"column":18}},"loc":{"start":{"line":212,"column":23},"end":{"line":212,"column":40}},"line":212},"14":{"name":"(anonymous_14)","decl":{"start":{"line":225,"column":17},"end":{"line":225,"column":18}},"loc":{"start":{"line":225,"column":23},"end":{"line":225,"column":42}},"line":225},"15":{"name":"(anonymous_15)","decl":{"start":{"line":249,"column":24},"end":{"line":249,"column":25}},"loc":{"start":{"line":249,"column":34},"end":{"line":249,"column":41}},"line":249},"16":{"name":"(anonymous_16)","decl":{"start":{"line":262,"column":17},"end":{"line":262,"column":18}},"loc":{"start":{"line":262,"column":23},"end":{"line":262,"column":39}},"line":262},"17":{"name":"(anonymous_17)","decl":{"start":{"line":267,"column":44},"end":{"line":267,"column":45}},"loc":{"start":{"line":267,"column":50},"end":{"line":267,"column":67}},"line":267}},"branchMap":{"0":{"loc":{"start":{"line":38,"column":6},"end":{"line":40,"column":7}},"type":"if","locations":[{"start":{"line":38,"column":6},"end":{"line":40,"column":7}},{"start":{},"end":{}}],"line":38},"1":{"loc":{"start":{"line":55,"column":6},"end":{"line":55,"column":29}},"type":"if","locations":[{"start":{"line":55,"column":6},"end":{"line":55,"column":29}},{"start":{},"end":{}}],"line":55},"2":{"loc":{"start":{"line":56,"column":15},"end":{"line":56,"column":25}},"type":"binary-expr","locations":[{"start":{"line":56,"column":15},"end":{"line":56,"column":19}},{"start":{"line":56,"column":23},"end":{"line":56,"column":25}}],"line":56},"3":{"loc":{"start":{"line":83,"column":6},"end":{"line":83,"column":45}},"type":"if","locations":[{"start":{"line":83,"column":6},"end":{"line":83,"column":45}},{"start":{},"end":{}}],"line":83},"4":{"loc":{"start":{"line":91,"column":8},"end":{"line":107,"column":9}},"type":"if","locations":[{"start":{"line":91,"column":8},"end":{"line":107,"column":9}},{"start":{},"end":{}}],"line":91},"5":{"loc":{"start":{"line":95,"column":12},"end":{"line":105,"column":13}},"type":"if","locations":[{"start":{"line":95,"column":12},"end":{"line":105,"column":13}},{"start":{"line":103,"column":19},"end":{"line":105,"column":13}}],"line":95},"6":{"loc":{"start":{"line":100,"column":26},"end":{"line":100,"column":106}},"type":"cond-expr","locations":[{"start":{"line":100,"column":46},"end":{"line":100,"column":91}},{"start":{"line":100,"column":94},"end":{"line":100,"column":106}}],"line":100},"7":{"loc":{"start":{"line":100,"column":71},"end":{"line":100,"column":89}},"type":"binary-expr","locations":[{"start":{"line":100,"column":71},"end":{"line":100,"column":83}},{"start":{"line":100,"column":87},"end":{"line":100,"column":89}}],"line":100},"8":{"loc":{"start":{"line":117,"column":6},"end":{"line":117,"column":41}},"type":"if","locations":[{"start":{"line":117,"column":6},"end":{"line":117,"column":41}},{"start":{},"end":{}}],"line":117},"9":{"loc":{"start":{"line":120,"column":6},"end":{"line":133,"column":7}},"type":"if","locations":[{"start":{"line":120,"column":6},"end":{"line":133,"column":7}},{"start":{},"end":{}}],"line":120},"10":{"loc":{"start":{"line":123,"column":31},"end":{"line":123,"column":49}},"type":"binary-expr","locations":[{"start":{"line":123,"column":31},"end":{"line":123,"column":43}},{"start":{"line":123,"column":47},"end":{"line":123,"column":49}}],"line":123},"11":{"loc":{"start":{"line":123,"column":53},"end":{"line":123,"column":67}},"type":"binary-expr","locations":[{"start":{"line":123,"column":53},"end":{"line":123,"column":61}},{"start":{"line":123,"column":65},"end":{"line":123,"column":67}}],"line":123},"12":{"loc":{"start":{"line":132,"column":8},"end":{"line":132,"column":43}},"type":"if","locations":[{"start":{"line":132,"column":8},"end":{"line":132,"column":43}},{"start":{},"end":{}}],"line":132},"13":{"loc":{"start":{"line":153,"column":6},"end":{"line":153,"column":29}},"type":"if","locations":[{"start":{"line":153,"column":6},"end":{"line":153,"column":29}},{"start":{},"end":{}}],"line":153},"14":{"loc":{"start":{"line":157,"column":8},"end":{"line":157,"column":70}},"type":"cond-expr","locations":[{"start":{"line":157,"column":27},"end":{"line":157,"column":66}},{"start":{"line":157,"column":69},"end":{"line":157,"column":70}}],"line":157},"15":{"loc":{"start":{"line":172,"column":6},"end":{"line":172,"column":29}},"type":"if","locations":[{"start":{"line":172,"column":6},"end":{"line":172,"column":29}},{"start":{},"end":{}}],"line":172},"16":{"loc":{"start":{"line":182,"column":4},"end":{"line":184,"column":5}},"type":"if","locations":[{"start":{"line":182,"column":4},"end":{"line":184,"column":5}},{"start":{},"end":{}}],"line":182},"17":{"loc":{"start":{"line":198,"column":6},"end":{"line":198,"column":29}},"type":"if","locations":[{"start":{"line":198,"column":6},"end":{"line":198,"column":29}},{"start":{},"end":{}}],"line":198},"18":{"loc":{"start":{"line":211,"column":16},"end":{"line":211,"column":59}},"type":"cond-expr","locations":[{"start":{"line":211,"column":36},"end":{"line":211,"column":45}},{"start":{"line":211,"column":48},"end":{"line":211,"column":59}}],"line":211},"19":{"loc":{"start":{"line":217,"column":10},"end":{"line":217,"column":53}},"type":"binary-expr","locations":[{"start":{"line":217,"column":10},"end":{"line":217,"column":27}},{"start":{"line":217,"column":31},"end":{"line":217,"column":53}}],"line":217},"20":{"loc":{"start":{"line":243,"column":7},"end":{"line":257,"column":7}},"type":"cond-expr","locations":[{"start":{"line":244,"column":8},"end":{"line":244,"column":68}},{"start":{"line":246,"column":8},"end":{"line":256,"column":10}}],"line":243}},"s":{"0":2,"1":2,"2":2,"3":2,"4":2,"5":2,"6":0,"7":0,"8":0,"9":2,"10":0,"11":0,"12":0,"13":0,"14":0,"15":0,"16":0,"17":0,"18":2,"19":0,"20":0,"21":0,"22":0,"23":0,"24":0,"25":0,"26":0,"27":0,"28":0,"29":0,"30":0,"31":0,"32":0,"33":0,"34":0,"35":0,"36":0,"37":0,"38":0,"39":0,"40":0,"41":0,"42":0,"43":0,"44":0,"45":0,"46":0,"47":0,"48":0,"49":2,"50":0,"51":0,"52":0,"53":0,"54":0,"55":0,"56":0,"57":2,"58":0,"59":0,"60":0,"61":0,"62":0,"63":0,"64":0,"65":2,"66":0,"67":0,"68":0,"69":0,"70":0,"71":0,"72":0,"73":0,"74":0,"75":0,"76":2,"77":0,"78":0,"79":0,"80":2,"81":0,"82":0,"83":0,"84":1},"f":{"0":2,"1":0,"2":0,"3":0,"4":0,"5":0,"6":0,"7":0,"8":0,"9":0,"10":0,"11":0,"12":0,"13":0,"14":0,"15":0,"16":0,"17":0},"b":{"0":[0,0],"1":[0,0],"2":[0,0],"3":[0,0],"4":[0,0],"5":[0,0],"6":[0,0],"7":[0,0],"8":[0,0],"9":[0,0],"10":[0,0],"11":[0,0],"12":[0,0],"13":[0,0],"14":[0,0],"15":[0,0],"16":[0,0],"17":[0,0],"18":[0,0],"19":[0,0],"20":[0,2]},"_coverageSchema":"1a1c01bbd47fc00a2c39e90264f33305004495a9","hash":"554c990952d7b9243ba4bdd58db885b67acddfba"}
,"/Users/ironcandle1208/Documents/project/meals3/app/(auth)/_layout.tsx": {"path":"/Users/ironcandle1208/Documents/project/meals3/app/(auth)/_layout.tsx","statementMap":{"0":{"start":{"line":4,"column":2},"end":{"line":6,"column":4}}},"fnMap":{"0":{"name":"AuthLayout","decl":{"start":{"line":3,"column":24},"end":{"line":3,"column":34}},"loc":{"start":{"line":3,"column":37},"end":{"line":7,"column":1}},"line":3}},"branchMap":{},"s":{"0":0},"f":{"0":0},"b":{}}
,"/Users/ironcandle1208/Documents/project/meals3/app/(auth)/login.tsx": {"path":"/Users/ironcandle1208/Documents/project/meals3/app/(auth)/login.tsx","statementMap":{"0":{"start":{"line":8,"column":28},"end":{"line":8,"column":40}},"1":{"start":{"line":9,"column":34},"end":{"line":9,"column":46}},"2":{"start":{"line":10,"column":32},"end":{"line":10,"column":47}},"3":{"start":{"line":11,"column":21},"end":{"line":11,"column":30}},"4":{"start":{"line":13,"column":22},"end":{"line":24,"column":3}},"5":{"start":{"line":14,"column":4},"end":{"line":14,"column":21}},"6":{"start":{"line":15,"column":4},"end":{"line":23,"column":5}},"7":{"start":{"line":17,"column":6},"end":{"line":17,"column":36}},"8":{"start":{"line":20,"column":6},"end":{"line":20,"column":42}},"9":{"start":{"line":22,"column":6},"end":{"line":22,"column":24}},"10":{"start":{"line":26,"column":2},"end":{"line":63,"column":4}},"11":{"start":{"line":66,"column":15},"end":{"line":89,"column":2}}},"fnMap":{"0":{"name":"Login","decl":{"start":{"line":7,"column":24},"end":{"line":7,"column":29}},"loc":{"start":{"line":7,"column":32},"end":{"line":64,"column":1}},"line":7},"1":{"name":"(anonymous_1)","decl":{"start":{"line":13,"column":22},"end":{"line":13,"column":23}},"loc":{"start":{"line":13,"column":34},"end":{"line":24,"column":3}},"line":13}},"branchMap":{},"s":{"0":19,"1":19,"2":19,"3":19,"4":19,"5":3,"6":3,"7":3,"8":1,"9":2,"10":19,"11":1},"f":{"0":19,"1":3},"b":{},"_coverageSchema":"1a1c01bbd47fc00a2c39e90264f33305004495a9","hash":"18d11977a5d16b7dc5e3c6ad13306db00c78a480"}
,"/Users/ironcandle1208/Documents/project/meals3/app/(auth)/signup.tsx": {"path":"/Users/ironcandle1208/Documents/project/meals3/app/(auth)/signup.tsx","statementMap":{"0":{"start":{"line":8,"column":28},"end":{"line":8,"column":40}},"1":{"start":{"line":9,"column":34},"end":{"line":9,"column":46}},"2":{"start":{"line":10,"column":32},"end":{"line":10,"column":47}},"3":{"start":{"line":11,"column":21},"end":{"line":11,"column":30}},"4":{"start":{"line":12,"column":17},"end":{"line":12,"column":28}},"5":{"start":{"line":14,"column":23},"end":{"line":27,"column":3}},"6":{"start":{"line":15,"column":4},"end":{"line":15,"column":21}},"7":{"start":{"line":16,"column":4},"end":{"line":26,"column":5}},"8":{"start":{"line":18,"column":6},"end":{"line":18,"column":36}},"9":{"start":{"line":19,"column":6},"end":{"line":19,"column":74}},"10":{"start":{"line":21,"column":6},"end":{"line":21,"column":31}},"11":{"start":{"line":23,"column":6},"end":{"line":23,"column":42}},"12":{"start":{"line":25,"column":6},"end":{"line":25,"column":24}},"13":{"start":{"line":29,"column":2},"end":{"line":66,"column":4}},"14":{"start":{"line":69,"column":15},"end":{"line":92,"column":2}}},"fnMap":{"0":{"name":"SignUp","decl":{"start":{"line":7,"column":24},"end":{"line":7,"column":30}},"loc":{"start":{"line":7,"column":33},"end":{"line":67,"column":1}},"line":7},"1":{"name":"(anonymous_1)","decl":{"start":{"line":14,"column":23},"end":{"line":14,"column":24}},"loc":{"start":{"line":14,"column":35},"end":{"line":27,"column":3}},"line":14}},"branchMap":{},"s":{"0":19,"1":19,"2":19,"3":19,"4":19,"5":19,"6":3,"7":3,"8":3,"9":1,"10":1,"11":1,"12":2,"13":19,"14":1},"f":{"0":19,"1":3},"b":{},"_coverageSchema":"1a1c01bbd47fc00a2c39e90264f33305004495a9","hash":"bd903c6f1325aa38282018fa28c46490cafca7cb"}
,"/Users/ironcandle1208/Documents/project/meals3/contexts/AuthContext.tsx": {"path":"/Users/ironcandle1208/Documents/project/meals3/contexts/AuthContext.tsx","statementMap":{"0":{"start":{"line":21,"column":20},"end":{"line":21,"column":73}},"1":{"start":{"line":24,"column":23},"end":{"line":24,"column":52}},"2":{"start":{"line":24,"column":29},"end":{"line":24,"column":52}},"3":{"start":{"line":30,"column":28},"end":{"line":84,"column":1}},"4":{"start":{"line":31,"column":32},"end":{"line":31,"column":62}},"5":{"start":{"line":32,"column":32},"end":{"line":32,"column":46}},"6":{"start":{"line":33,"column":28},"end":{"line":33,"column":56}},"7":{"start":{"line":35,"column":2},"end":{"line":53,"column":9}},"8":{"start":{"line":37,"column":4},"end":{"line":40,"column":7}},"9":{"start":{"line":38,"column":6},"end":{"line":38,"column":26}},"10":{"start":{"line":39,"column":6},"end":{"line":39,"column":24}},"11":{"start":{"line":43,"column":39},"end":{"line":49,"column":6}},"12":{"start":{"line":44,"column":6},"end":{"line":44,"column":26}},"13":{"start":{"line":45,"column":6},"end":{"line":47,"column":7}},"14":{"start":{"line":46,"column":8},"end":{"line":46,"column":23}},"15":{"start":{"line":48,"column":6},"end":{"line":48,"column":24}},"16":{"start":{"line":52,"column":4},"end":{"line":52,"column":44}},"17":{"start":{"line":52,"column":17},"end":{"line":52,"column":43}},"18":{"start":{"line":56,"column":17},"end":{"line":62,"column":3}},"19":{"start":{"line":57,"column":22},"end":{"line":60,"column":6}},"20":{"start":{"line":61,"column":4},"end":{"line":61,"column":27}},"21":{"start":{"line":61,"column":15},"end":{"line":61,"column":27}},"22":{"start":{"line":65,"column":17},"end":{"line":71,"column":3}},"23":{"start":{"line":66,"column":22},"end":{"line":69,"column":6}},"24":{"start":{"line":70,"column":4},"end":{"line":70,"column":27}},"25":{"start":{"line":70,"column":15},"end":{"line":70,"column":27}},"26":{"start":{"line":74,"column":18},"end":{"line":77,"column":3}},"27":{"start":{"line":75,"column":22},"end":{"line":75,"column":51}},"28":{"start":{"line":76,"column":4},"end":{"line":76,"column":27}},"29":{"start":{"line":76,"column":15},"end":{"line":76,"column":27}},"30":{"start":{"line":79,"column":2},"end":{"line":83,"column":4}}},"fnMap":{"0":{"name":"(anonymous_0)","decl":{"start":{"line":24,"column":23},"end":{"line":24,"column":24}},"loc":{"start":{"line":24,"column":29},"end":{"line":24,"column":52}},"line":24},"1":{"name":"(anonymous_1)","decl":{"start":{"line":30,"column":28},"end":{"line":30,"column":29}},"loc":{"start":{"line":30,"column":65},"end":{"line":84,"column":1}},"line":30},"2":{"name":"(anonymous_2)","decl":{"start":{"line":35,"column":12},"end":{"line":35,"column":13}},"loc":{"start":{"line":35,"column":18},"end":{"line":53,"column":3}},"line":35},"3":{"name":"(anonymous_3)","decl":{"start":{"line":37,"column":36},"end":{"line":37,"column":37}},"loc":{"start":{"line":37,"column":63},"end":{"line":40,"column":5}},"line":37},"4":{"name":"(anonymous_4)","decl":{"start":{"line":43,"column":71},"end":{"line":43,"column":72}},"loc":{"start":{"line":43,"column":92},"end":{"line":49,"column":5}},"line":43},"5":{"name":"(anonymous_5)","decl":{"start":{"line":52,"column":11},"end":{"line":52,"column":12}},"loc":{"start":{"line":52,"column":17},"end":{"line":52,"column":43}},"line":52},"6":{"name":"(anonymous_6)","decl":{"start":{"line":56,"column":17},"end":{"line":56,"column":18}},"loc":{"start":{"line":56,"column":60},"end":{"line":62,"column":3}},"line":56},"7":{"name":"(anonymous_7)","decl":{"start":{"line":65,"column":17},"end":{"line":65,"column":18}},"loc":{"start":{"line":65,"column":60},"end":{"line":71,"column":3}},"line":65},"8":{"name":"(anonymous_8)","decl":{"start":{"line":74,"column":18},"end":{"line":74,"column":19}},"loc":{"start":{"line":74,"column":30},"end":{"line":77,"column":3}},"line":74}},"branchMap":{"0":{"loc":{"start":{"line":45,"column":6},"end":{"line":47,"column":7}},"type":"if","locations":[{"start":{"line":45,"column":6},"end":{"line":47,"column":7}},{"start":{},"end":{}}],"line":45},"1":{"loc":{"start":{"line":61,"column":4},"end":{"line":61,"column":27}},"type":"if","locations":[{"start":{"line":61,"column":4},"end":{"line":61,"column":27}},{"start":{},"end":{}}],"line":61},"2":{"loc":{"start":{"line":70,"column":4},"end":{"line":70,"column":27}},"type":"if","locations":[{"start":{"line":70,"column":4},"end":{"line":70,"column":27}},{"start":{},"end":{}}],"line":70},"3":{"loc":{"start":{"line":76,"column":4},"end":{"line":76,"column":27}},"type":"if","locations":[{"start":{"line":76,"column":4},"end":{"line":76,"column":27}},{"start":{},"end":{}}],"line":76}},"s":{"0":8,"1":8,"2":20,"3":8,"4":20,"5":20,"6":20,"7":20,"8":9,"9":9,"10":9,"11":9,"12":0,"13":0,"14":0,"15":0,"16":9,"17":9,"18":20,"19":2,"20":2,"21":1,"22":20,"23":2,"24":2,"25":1,"26":20,"27":1,"28":1,"29":0,"30":20},"f":{"0":20,"1":20,"2":9,"3":9,"4":0,"5":9,"6":2,"7":2,"8":1},"b":{"0":[0,0],"1":[1,1],"2":[1,1],"3":[0,1]},"_coverageSchema":"1a1c01bbd47fc00a2c39e90264f33305004495a9","hash":"b41193d9478f4d7fbee93f0378116d57a1277f72"}
,"/Users/ironcandle1208/Documents/project/meals3/lib/supabase.ts": {"path":"/Users/ironcandle1208/Documents/project/meals3/lib/supabase.ts","statementMap":{"0":{"start":{"line":7,"column":20},"end":{"line":7,"column":62}},"1":{"start":{"line":8,"column":24},"end":{"line":8,"column":71}},"2":{"start":{"line":12,"column":24},"end":{"line":19,"column":2}},"3":{"start":{"line":24,"column":0},"end":{"line":30,"column":3}},"4":{"start":{"line":25,"column":2},"end":{"line":29,"column":3}},"5":{"start":{"line":26,"column":4},"end":{"line":26,"column":37}},"6":{"start":{"line":28,"column":4},"end":{"line":28,"column":36}}},"fnMap":{"0":{"name":"(anonymous_0)","decl":{"start":{"line":24,"column":36},"end":{"line":24,"column":37}},"loc":{"start":{"line":24,"column":47},"end":{"line":30,"column":1}},"line":24}},"branchMap":{"0":{"loc":{"start":{"line":7,"column":20},"end":{"line":7,"column":62}},"type":"binary-expr","locations":[{"start":{"line":7,"column":20},"end":{"line":7,"column":56}},{"start":{"line":7,"column":60},"end":{"line":7,"column":62}}],"line":7},"1":{"loc":{"start":{"line":8,"column":24},"end":{"line":8,"column":71}},"type":"binary-expr","locations":[{"start":{"line":8,"column":24},"end":{"line":8,"column":65}},{"start":{"line":8,"column":69},"end":{"line":8,"column":71}}],"line":8},"2":{"loc":{"start":{"line":25,"column":2},"end":{"line":29,"column":3}},"type":"if","locations":[{"start":{"line":25,"column":2},"end":{"line":29,"column":3}},{"start":{"line":27,"column":9},"end":{"line":29,"column":3}}],"line":25}},"s":{"0":0,"1":0,"2":0,"3":0,"4":0,"5":0,"6":0},"f":{"0":0},"b":{"0":[0,0],"1":[0,0],"2":[0,0]}}
}
