TN:
SF:app/_layout.tsx
FN:10,RootLayoutNav
FN:16,(anonymous_1)
FN:53,RootLayout
FNF:3
FNH:0
FNDA:0,RootLayoutNav
FNDA:0,(anonymous_1)
FNDA:0,RootLayout
DA:8,0
DA:11,0
DA:12,0
DA:13,0
DA:16,0
DA:17,0
DA:19,0
DA:21,0
DA:23,0
DA:24,0
DA:26,0
DA:30,0
DA:31,0
DA:38,0
DA:54,0
LF:15
LH:0
BRDA:17,0,0,0
BRDA:17,0,1,0
BRDA:21,1,0,0
BRDA:21,1,1,0
BRDA:21,2,0,0
BRDA:21,2,1,0
BRDA:24,3,0,0
BRDA:24,3,1,0
BRDA:24,4,0,0
BRDA:24,4,1,0
BRDA:30,5,0,0
BRDA:30,5,1,0
BRF:12
BRH:0
end_of_record
TN:
SF:app/(app)/_layout.tsx
FN:6,AppLayout
FN:11,(anonymous_1)
FN:14,(anonymous_2)
FN:22,(anonymous_3)
FN:31,(anonymous_4)
FN:40,(anonymous_5)
FNF:6
FNH:0
FNDA:0,AppLayout
FNDA:0,(anonymous_1)
FNDA:0,(anonymous_2)
FNDA:0,(anonymous_3)
FNDA:0,(anonymous_4)
FNDA:0,(anonymous_5)
DA:7,0
DA:9,0
DA:12,0
DA:14,0
DA:23,0
DA:32,0
DA:41,0
LF:7
LH:0
BRF:0
BRH:0
end_of_record
TN:
SF:app/(app)/index.tsx
FN:11,Index
FN:18,(anonymous_1)
FN:36,(anonymous_2)
FN:48,(anonymous_3)
FN:54,(anonymous_4)
FN:59,(anonymous_5)
FN:60,(anonymous_6)
FN:70,(anonymous_7)
FN:81,(anonymous_8)
FN:92,(anonymous_9)
FNF:10
FNH:0
FNDA:0,Index
FNDA:0,(anonymous_1)
FNDA:0,(anonymous_2)
FNDA:0,(anonymous_3)
FNDA:0,(anonymous_4)
FNDA:0,(anonymous_5)
FNDA:0,(anonymous_6)
FNDA:0,(anonymous_7)
FNDA:0,(anonymous_8)
FNDA:0,(anonymous_9)
DA:12,0
DA:13,0
DA:14,0
DA:15,0
DA:18,0
DA:20,0
DA:21,0
DA:22,0
DA:25,0
DA:26,0
DA:28,0
DA:34,0
DA:36,0
DA:37,0
DA:39,0
DA:41,0
DA:47,0
DA:49,0
DA:54,0
DA:55,0
DA:56,0
DA:59,0
DA:60,0
DA:65,0
DA:70,0
DA:81,0
DA:92,0
DA:99,0
LF:28
LH:0
BRDA:20,0,0,0
BRDA:20,0,1,0
BRDA:34,1,0,0
BRDA:34,1,1,0
BRDA:36,2,0,0
BRDA:36,2,1,0
BRDA:75,3,0,0
BRDA:75,3,1,0
BRF:8
BRH:0
end_of_record
TN:
SF:app/(app)/profile.tsx
FN:12,Profile
FN:18,(anonymous_1)
FN:23,getProfile
FN:52,updateProfile
FN:104,(anonymous_4)
FNF:5
FNH:0
FNDA:0,Profile
FNDA:0,(anonymous_1)
FNDA:0,getProfile
FNDA:0,updateProfile
FNDA:0,(anonymous_4)
DA:13,0
DA:14,0
DA:15,0
DA:16,0
DA:18,0
DA:19,0
DA:24,0
DA:25,0
DA:26,0
DA:28,0
DA:34,0
DA:35,0
DA:38,0
DA:39,0
DA:40,0
DA:43,0
DA:44,0
DA:47,0
DA:53,0
DA:54,0
DA:55,0
DA:57,0
DA:64,0
DA:66,0
DA:67,0
DA:69,0
DA:71,0
DA:72,0
DA:75,0
DA:79,0
DA:104,0
DA:115,0
LF:32
LH:0
BRDA:19,0,0,0
BRDA:19,0,1,0
BRDA:26,1,0,0
BRDA:26,1,1,0
BRDA:34,2,0,0
BRDA:34,2,1,0
BRDA:34,3,0,0
BRDA:34,3,1,0
BRDA:38,4,0,0
BRDA:38,4,1,0
BRDA:39,5,0,0
BRDA:39,5,1,0
BRDA:40,6,0,0
BRDA:40,6,1,0
BRDA:43,7,0,0
BRDA:43,7,1,0
BRDA:55,8,0,0
BRDA:55,8,1,0
BRDA:66,9,0,0
BRDA:66,9,1,0
BRDA:71,10,0,0
BRDA:71,10,1,0
BRDA:85,11,0,0
BRDA:85,11,1,0
BRDA:109,12,0,0
BRDA:109,12,1,0
BRF:26
BRH:0
end_of_record
TN:
SF:app/(app)/groups/create.tsx
FN:8,CreateGroup
FN:20,(anonymous_1)
FN:63,(anonymous_2)
FNF:3
FNH:3
FNDA:18,CreateGroup
FNDA:4,(anonymous_1)
FNDA:1,(anonymous_2)
DA:9,18
DA:10,18
DA:11,18
DA:12,18
DA:13,18
DA:16,18
DA:17,18
DA:18,18
DA:20,18
DA:21,4
DA:22,1
DA:23,1
DA:26,3
DA:27,3
DA:29,3
DA:32,3
DA:40,3
DA:44,2
DA:50,2
DA:53,2
DA:54,2
DA:55,2
DA:57,1
DA:58,1
DA:59,1
DA:63,18
DA:64,1
DA:65,1
DA:68,18
DA:115,1
LF:30
LH:30
BRDA:21,0,0,1
BRDA:21,0,1,3
BRDA:40,1,0,1
BRDA:40,1,1,2
BRDA:50,2,0,0
BRDA:50,2,1,2
BRDA:88,3,0,18
BRDA:88,3,1,12
BRF:8
BRH:7
end_of_record
TN:
SF:app/(app)/groups/join.tsx
FN:8,JoinGroup
FN:16,(anonymous_1)
FN:82,(anonymous_2)
FNF:3
FNH:3
FNDA:19,JoinGroup
FNDA:4,(anonymous_1)
FNDA:5,(anonymous_2)
DA:9,19
DA:10,19
DA:11,19
DA:12,19
DA:13,19
DA:16,19
DA:17,4
DA:18,1
DA:19,1
DA:22,3
DA:23,3
DA:25,3
DA:27,3
DA:33,3
DA:34,1
DA:35,1
DA:37,0
DA:41,2
DA:48,2
DA:49,1
DA:50,1
DA:54,1
DA:60,1
DA:63,1
DA:65,1
DA:66,1
DA:68,3
DA:72,19
DA:82,5
DA:106,1
LF:30
LH:29
BRDA:17,0,0,1
BRDA:17,0,1,3
BRDA:33,1,0,1
BRDA:33,1,1,2
BRDA:34,2,0,1
BRDA:34,2,1,0
BRDA:48,3,0,1
BRDA:48,3,1,1
BRDA:60,4,0,0
BRDA:60,4,1,1
BRDA:66,5,0,1
BRDA:66,5,1,0
BRF:12
BRH:9
end_of_record
TN:
SF:app/(app)/recipes/[id].tsx
FN:12,RecipeDetail
FN:20,(anonymous_1)
FN:24,(anonymous_2)
FN:54,(anonymous_3)
FN:64,(anonymous_4)
FN:73,(anonymous_5)
FN:113,(anonymous_6)
FN:121,(anonymous_7)
FN:137,(anonymous_8)
FNF:9
FNH:7
FNDA:7,RecipeDetail
FNDA:4,(anonymous_1)
FNDA:4,(anonymous_2)
FNDA:2,(anonymous_3)
FNDA:1,(anonymous_4)
FNDA:0,(anonymous_5)
FNDA:2,(anonymous_6)
FNDA:2,(anonymous_7)
FNDA:0,(anonymous_8)
DA:13,7
DA:14,7
DA:15,7
DA:16,7
DA:17,7
DA:18,7
DA:20,7
DA:21,4
DA:24,7
DA:25,4
DA:26,4
DA:29,4
DA:35,3
DA:36,2
DA:39,2
DA:44,2
DA:45,2
DA:48,2
DA:53,2
DA:54,2
DA:57,1
DA:58,1
DA:60,3
DA:64,7
DA:65,1
DA:74,0
DA:75,0
DA:79,0
DA:80,0
DA:82,0
DA:83,0
DA:91,7
DA:92,4
DA:95,3
DA:96,1
DA:103,2
DA:114,2
DA:122,2
DA:137,0
DA:156,1
LF:40
LH:33
BRDA:35,0,0,1
BRDA:35,0,1,2
BRDA:44,1,0,0
BRDA:44,1,1,2
BRDA:45,2,0,2
BRDA:45,2,1,0
BRDA:53,3,0,0
BRDA:53,3,1,2
BRDA:54,4,0,2
BRDA:54,4,1,0
BRDA:79,5,0,0
BRDA:79,5,1,0
BRDA:91,6,0,4
BRDA:91,6,1,3
BRDA:95,7,0,1
BRDA:95,7,1,2
BRDA:105,8,0,2
BRDA:105,8,1,1
BRF:18
BRH:12
end_of_record
TN:
SF:app/(app)/recipes/create.tsx
FN:15,CreateRecipe
FN:28,(anonymous_1)
FN:32,(anonymous_2)
FN:38,(anonymous_3)
FN:44,(anonymous_4)
FN:76,(anonymous_5)
FN:78,(anonymous_6)
FN:94,(anonymous_7)
FN:94,(anonymous_8)
FN:113,(anonymous_9)
FN:171,(anonymous_10)
FN:176,(anonymous_11)
FN:183,(anonymous_12)
FN:190,(anonymous_13)
FN:197,(anonymous_14)
FNF:15
FNH:7
FNDA:19,CreateRecipe
FNDA:1,(anonymous_1)
FNDA:0,(anonymous_2)
FNDA:0,(anonymous_3)
FNDA:4,(anonymous_4)
FNDA:1,(anonymous_5)
FNDA:0,(anonymous_6)
FNDA:1,(anonymous_7)
FNDA:1,(anonymous_8)
FNDA:0,(anonymous_9)
FNDA:20,(anonymous_10)
FNDA:0,(anonymous_11)
FNDA:0,(anonymous_12)
FNDA:0,(anonymous_13)
FNDA:0,(anonymous_14)
DA:16,19
DA:17,19
DA:18,19
DA:19,19
DA:21,19
DA:22,19
DA:23,19
DA:24,19
DA:25,19
DA:28,19
DA:29,1
DA:32,19
DA:33,0
DA:34,0
DA:35,0
DA:38,19
DA:39,0
DA:40,0
DA:41,0
DA:44,19
DA:45,4
DA:46,1
DA:47,1
DA:49,3
DA:50,1
DA:51,1
DA:54,2
DA:55,2
DA:57,2
DA:59,2
DA:72,2
DA:76,1
DA:77,1
DA:78,0
DA:85,0
DA:89,0
DA:94,1
DA:95,1
DA:99,0
DA:100,0
DA:102,0
DA:108,0
DA:109,0
DA:113,0
DA:118,0
DA:122,0
DA:125,1
DA:127,1
DA:128,1
DA:129,0
DA:130,1
DA:131,1
DA:133,0
DA:136,2
DA:140,19
DA:172,20
DA:176,0
DA:183,0
DA:190,0
DA:197,0
DA:232,1
LF:61
LH:38
BRDA:45,0,0,1
BRDA:45,0,1,3
BRDA:49,1,0,1
BRDA:49,1,1,2
BRDA:66,2,0,2
BRDA:66,2,1,2
BRDA:72,3,0,1
BRDA:72,3,1,1
BRDA:77,4,0,0
BRDA:77,4,1,1
BRDA:81,5,0,0
BRDA:81,5,1,0
BRDA:82,6,0,0
BRDA:82,6,1,0
BRDA:89,7,0,0
BRDA:89,7,1,0
BRDA:95,8,0,0
BRDA:95,8,1,1
BRDA:108,9,0,0
BRDA:108,9,1,0
BRDA:122,10,0,0
BRDA:122,10,1,0
BRDA:128,11,0,0
BRDA:128,11,1,1
BRDA:130,12,0,1
BRDA:130,12,1,0
BRDA:130,13,0,1
BRDA:130,13,1,1
BRDA:130,13,2,1
BRF:29
BRH:15
end_of_record
TN:
SF:app/(app)/recipes/index.tsx
FN:11,RecipeList
FN:22,(anonymous_1)
FN:32,(anonymous_2)
FN:58,(anonymous_3)
FN:91,(anonymous_4)
FN:92,(anonymous_5)
FN:121,(anonymous_6)
FN:132,(anonymous_7)
FNF:8
FNH:0
FNDA:0,RecipeList
FNDA:0,(anonymous_1)
FNDA:0,(anonymous_2)
FNDA:0,(anonymous_3)
FNDA:0,(anonymous_4)
FNDA:0,(anonymous_5)
FNDA:0,(anonymous_6)
FNDA:0,(anonymous_7)
DA:12,0
DA:13,0
DA:14,0
DA:15,0
DA:17,0
DA:18,0
DA:19,0
DA:21,0
DA:23,0
DA:24,0
DA:25,0
DA:27,0
DA:32,0
DA:33,0
DA:34,0
DA:36,0
DA:43,0
DA:44,0
DA:47,0
DA:49,0
DA:50,0
DA:52,0
DA:54,0
DA:58,0
DA:59,0
DA:60,0
DA:61,0
DA:63,0
DA:74,0
DA:79,0
DA:81,0
DA:84,0
DA:87,0
DA:91,0
DA:92,0
DA:101,0
DA:121,0
DA:132,0
DA:139,0
LF:39
LH:0
BRDA:23,0,0,0
BRDA:23,0,1,0
BRDA:43,1,0,0
BRDA:43,1,1,0
BRDA:49,2,0,0
BRDA:49,2,1,0
BRDA:50,3,0,0
BRDA:50,3,1,0
BRDA:59,4,0,0
BRDA:59,4,1,0
BRDA:74,5,0,0
BRDA:74,5,1,0
BRDA:93,6,0,0
BRDA:93,6,1,0
BRDA:96,7,0,0
BRDA:96,7,1,0
BRDA:115,8,0,0
BRDA:115,8,1,0
BRF:18
BRH:0
end_of_record
TN:
SF:app/(app)/recipes/edit/[id].tsx
FN:15,EditRecipe
FN:29,(anonymous_1)
FN:34,(anonymous_2)
FN:60,(anonymous_3)
FN:77,(anonymous_4)
FN:91,(anonymous_5)
FN:95,(anonymous_6)
FN:101,(anonymous_7)
FN:109,(anonymous_8)
FN:143,(anonymous_9)
FN:145,(anonymous_10)
FN:167,(anonymous_11)
FN:167,(anonymous_12)
FN:181,(anonymous_13)
FN:245,(anonymous_14)
FN:250,(anonymous_15)
FN:257,(anonymous_16)
FN:264,(anonymous_17)
FN:271,(anonymous_18)
FNF:19
FNH:0
FNDA:0,EditRecipe
FNDA:0,(anonymous_1)
FNDA:0,(anonymous_2)
FNDA:0,(anonymous_3)
FNDA:0,(anonymous_4)
FNDA:0,(anonymous_5)
FNDA:0,(anonymous_6)
FNDA:0,(anonymous_7)
FNDA:0,(anonymous_8)
FNDA:0,(anonymous_9)
FNDA:0,(anonymous_10)
FNDA:0,(anonymous_11)
FNDA:0,(anonymous_12)
FNDA:0,(anonymous_13)
FNDA:0,(anonymous_14)
FNDA:0,(anonymous_15)
FNDA:0,(anonymous_16)
FNDA:0,(anonymous_17)
FNDA:0,(anonymous_18)
DA:16,0
DA:17,0
DA:18,0
DA:19,0
DA:20,0
DA:21,0
DA:23,0
DA:24,0
DA:25,0
DA:26,0
DA:27,0
DA:29,0
DA:30,0
DA:34,0
DA:35,0
DA:36,0
DA:39,0
DA:45,0
DA:47,0
DA:48,0
DA:49,0
DA:52,0
DA:57,0
DA:59,0
DA:60,0
DA:69,0
DA:74,0
DA:76,0
DA:77,0
DA:78,0
DA:82,0
DA:83,0
DA:84,0
DA:86,0
DA:91,0
DA:92,0
DA:95,0
DA:96,0
DA:97,0
DA:98,0
DA:101,0
DA:102,0
DA:104,0
DA:105,0
DA:109,0
DA:110,0
DA:111,0
DA:112,0
DA:114,0
DA:115,0
DA:116,0
DA:119,0
DA:120,0
DA:122,0
DA:124,0
DA:133,0
DA:136,0
DA:141,0
DA:143,0
DA:144,0
DA:145,0
DA:152,0
DA:156,0
DA:160,0
DA:165,0
DA:167,0
DA:168,0
DA:169,0
DA:170,0
DA:171,0
DA:177,0
DA:178,0
DA:181,0
DA:186,0
DA:190,0
DA:193,0
DA:195,0
DA:196,0
DA:197,0
DA:199,0
DA:202,0
DA:206,0
DA:207,0
DA:214,0
DA:246,0
DA:250,0
DA:257,0
DA:264,0
DA:271,0
DA:306,0
LF:90
LH:0
BRDA:45,0,0,0
BRDA:45,0,1,0
BRDA:48,1,0,0
BRDA:48,1,1,0
BRDA:49,2,0,0
BRDA:49,2,1,0
BRDA:57,3,0,0
BRDA:57,3,1,0
BRDA:59,4,0,0
BRDA:59,4,1,0
BRDA:59,5,0,0
BRDA:59,5,1,0
BRDA:63,6,0,0
BRDA:63,6,1,0
BRDA:64,7,0,0
BRDA:64,7,1,0
BRDA:74,8,0,0
BRDA:74,8,1,0
BRDA:76,9,0,0
BRDA:76,9,1,0
BRDA:76,10,0,0
BRDA:76,10,1,0
BRDA:110,11,0,0
BRDA:110,11,1,0
BRDA:114,12,0,0
BRDA:114,12,1,0
BRDA:129,13,0,0
BRDA:129,13,1,0
BRDA:133,14,0,0
BRDA:133,14,1,0
BRDA:141,15,0,0
BRDA:141,15,1,0
BRDA:144,16,0,0
BRDA:144,16,1,0
BRDA:148,17,0,0
BRDA:148,17,1,0
BRDA:149,18,0,0
BRDA:149,18,1,0
BRDA:156,19,0,0
BRDA:156,19,1,0
BRDA:165,20,0,0
BRDA:165,20,1,0
BRDA:168,21,0,0
BRDA:168,21,1,0
BRDA:177,22,0,0
BRDA:177,22,1,0
BRDA:190,23,0,0
BRDA:190,23,1,0
BRDA:196,24,0,0
BRDA:196,24,1,0
BRDA:206,25,0,0
BRDA:206,25,1,0
BRF:52
BRH:0
end_of_record
TN:
SF:app/(app)/schedule/index.tsx
FN:25,Schedule
FN:38,(anonymous_1)
FN:47,(anonymous_2)
FN:64,(anonymous_3)
FN:79,(anonymous_4)
FN:88,(anonymous_5)
FN:92,(anonymous_6)
FN:100,(anonymous_7)
FN:102,(anonymous_8)
FN:131,(anonymous_9)
FN:136,(anonymous_10)
FN:157,(anonymous_11)
FN:172,(anonymous_12)
FNF:13
FNH:1
FNDA:2,Schedule
FNDA:0,(anonymous_1)
FNDA:0,(anonymous_2)
FNDA:0,(anonymous_3)
FNDA:0,(anonymous_4)
FNDA:0,(anonymous_5)
FNDA:0,(anonymous_6)
FNDA:0,(anonymous_7)
FNDA:0,(anonymous_8)
FNDA:0,(anonymous_9)
FNDA:0,(anonymous_10)
FNDA:0,(anonymous_11)
FNDA:0,(anonymous_12)
DA:26,2
DA:27,2
DA:28,2
DA:29,2
DA:30,2
DA:33,2
DA:34,2
DA:37,2
DA:39,0
DA:40,0
DA:42,0
DA:47,2
DA:48,0
DA:49,0
DA:50,0
DA:58,0
DA:60,0
DA:62,0
DA:64,0
DA:65,0
DA:66,0
DA:67,0
DA:69,0
DA:71,0
DA:73,0
DA:75,0
DA:79,2
DA:80,0
DA:81,0
DA:84,2
DA:85,0
DA:88,2
DA:89,0
DA:92,2
DA:93,0
DA:94,0
DA:95,0
DA:97,0
DA:100,2
DA:102,2
DA:103,0
DA:105,0
DA:111,2
DA:132,0
DA:136,0
DA:157,0
DA:172,1
DA:173,0
DA:174,0
DA:175,0
DA:176,0
DA:177,0
DA:178,0
DA:182,1
LF:54
LH:18
BRDA:39,0,0,0
BRDA:39,0,1,0
BRDA:58,1,0,0
BRDA:58,1,1,0
BRDA:66,2,0,0
BRDA:66,2,1,0
BRDA:84,3,0,0
BRDA:84,3,1,2
BRDA:93,4,0,0
BRDA:93,4,1,0
BRDA:125,5,0,0
BRDA:125,5,1,2
BRDA:128,6,0,0
BRDA:128,6,1,2
BRDA:131,7,0,2
BRDA:131,7,1,0
BRDA:134,8,0,0
BRDA:134,8,1,0
BRDA:142,9,0,2
BRDA:142,9,1,0
BRDA:142,9,2,0
BRDA:142,9,3,0
BRDA:173,10,0,0
BRDA:173,10,1,0
BRDA:173,10,2,0
BRDA:173,10,3,0
BRDA:173,10,4,0
BRF:27
BRH:5
end_of_record
TN:
SF:app/(app)/shopping-list/index.tsx
FN:27,ShoppingList
FN:37,(anonymous_1)
FN:46,(anonymous_2)
FN:65,(anonymous_3)
FN:90,(anonymous_4)
FN:93,(anonymous_5)
FN:121,(anonymous_6)
FN:146,(anonymous_7)
FN:156,(anonymous_8)
FN:165,(anonymous_9)
FN:174,(anonymous_10)
FN:181,(anonymous_11)
FN:208,(anonymous_12)
FN:212,(anonymous_13)
FN:225,(anonymous_14)
FN:249,(anonymous_15)
FN:262,(anonymous_16)
FN:267,(anonymous_17)
FNF:18
FNH:1
FNDA:2,ShoppingList
FNDA:0,(anonymous_1)
FNDA:0,(anonymous_2)
FNDA:0,(anonymous_3)
FNDA:0,(anonymous_4)
FNDA:0,(anonymous_5)
FNDA:0,(anonymous_6)
FNDA:0,(anonymous_7)
FNDA:0,(anonymous_8)
FNDA:0,(anonymous_9)
FNDA:0,(anonymous_10)
FNDA:0,(anonymous_11)
FNDA:0,(anonymous_12)
FNDA:0,(anonymous_13)
FNDA:0,(anonymous_14)
FNDA:0,(anonymous_15)
FNDA:0,(anonymous_16)
FNDA:0,(anonymous_17)
DA:28,2
DA:29,2
DA:30,2
DA:33,2
DA:34,2
DA:36,2
DA:38,0
DA:39,0
DA:41,0
DA:46,2
DA:47,0
DA:48,0
DA:49,0
DA:55,0
DA:56,0
DA:58,0
DA:60,0
DA:65,2
DA:66,0
DA:67,0
DA:70,0
DA:71,0
DA:83,0
DA:86,0
DA:89,0
DA:90,0
DA:91,0
DA:93,0
DA:94,0
DA:95,0
DA:97,0
DA:98,0
DA:104,0
DA:111,0
DA:117,0
DA:120,0
DA:121,0
DA:128,0
DA:132,0
DA:135,0
DA:136,0
DA:138,0
DA:139,0
DA:141,0
DA:146,2
DA:147,0
DA:148,0
DA:153,0
DA:156,0
DA:157,0
DA:160,0
DA:165,2
DA:166,0
DA:167,0
DA:172,0
DA:174,0
DA:176,0
DA:181,2
DA:182,0
DA:183,0
DA:186,0
DA:187,0
DA:198,0
DA:200,0
DA:201,0
DA:202,0
DA:204,0
DA:208,2
DA:209,0
DA:212,0
DA:225,0
DA:230,2
DA:249,0
DA:262,0
DA:267,0
DA:285,1
LF:76
LH:14
BRDA:38,0,0,0
BRDA:38,0,1,0
BRDA:55,1,0,0
BRDA:55,1,1,0
BRDA:56,2,0,0
BRDA:56,2,1,0
BRDA:83,3,0,0
BRDA:83,3,1,0
BRDA:91,4,0,0
BRDA:91,4,1,0
BRDA:95,5,0,0
BRDA:95,5,1,0
BRDA:100,6,0,0
BRDA:100,6,1,0
BRDA:100,7,0,0
BRDA:100,7,1,0
BRDA:117,8,0,0
BRDA:117,8,1,0
BRDA:120,9,0,0
BRDA:120,9,1,0
BRDA:123,10,0,0
BRDA:123,10,1,0
BRDA:123,11,0,0
BRDA:123,11,1,0
BRDA:132,12,0,0
BRDA:132,12,1,0
BRDA:153,13,0,0
BRDA:153,13,1,0
BRDA:157,14,0,0
BRDA:157,14,1,0
BRDA:172,15,0,0
BRDA:172,15,1,0
BRDA:182,16,0,0
BRDA:182,16,1,0
BRDA:198,17,0,0
BRDA:198,17,1,0
BRDA:211,18,0,0
BRDA:211,18,1,0
BRDA:217,19,0,0
BRDA:217,19,1,0
BRDA:243,20,0,0
BRDA:243,20,1,2
BRF:42
BRH:1
end_of_record
TN:
SF:app/(auth)/_layout.tsx
FN:3,AuthLayout
FNF:1
FNH:0
FNDA:0,AuthLayout
DA:4,0
LF:1
LH:0
BRF:0
BRH:0
end_of_record
TN:
SF:app/(auth)/login.tsx
FN:7,Login
FN:13,(anonymous_1)
FNF:2
FNH:2
FNDA:19,Login
FNDA:3,(anonymous_1)
DA:8,19
DA:9,19
DA:10,19
DA:11,19
DA:13,19
DA:14,3
DA:15,3
DA:17,3
DA:20,1
DA:22,2
DA:26,19
DA:66,1
LF:12
LH:12
BRF:0
BRH:0
end_of_record
TN:
SF:app/(auth)/signup.tsx
FN:7,SignUp
FN:14,(anonymous_1)
FNF:2
FNH:2
FNDA:19,SignUp
FNDA:3,(anonymous_1)
DA:8,19
DA:9,19
DA:10,19
DA:11,19
DA:12,19
DA:14,19
DA:15,3
DA:16,3
DA:18,3
DA:19,1
DA:21,1
DA:23,1
DA:25,2
DA:29,19
DA:69,1
LF:15
LH:15
BRF:0
BRH:0
end_of_record
TN:
SF:contexts/AuthContext.tsx
FN:24,(anonymous_0)
FN:30,(anonymous_1)
FN:35,(anonymous_2)
FN:37,(anonymous_3)
FN:43,(anonymous_4)
FN:52,(anonymous_5)
FN:56,(anonymous_6)
FN:65,(anonymous_7)
FN:74,(anonymous_8)
FNF:9
FNH:8
FNDA:20,(anonymous_0)
FNDA:20,(anonymous_1)
FNDA:9,(anonymous_2)
FNDA:9,(anonymous_3)
FNDA:0,(anonymous_4)
FNDA:9,(anonymous_5)
FNDA:2,(anonymous_6)
FNDA:2,(anonymous_7)
FNDA:1,(anonymous_8)
DA:21,8
DA:24,20
DA:30,8
DA:31,20
DA:32,20
DA:33,20
DA:35,20
DA:37,9
DA:38,9
DA:39,9
DA:43,9
DA:44,0
DA:45,0
DA:46,0
DA:48,0
DA:52,9
DA:56,20
DA:57,2
DA:61,2
DA:65,20
DA:66,2
DA:70,2
DA:74,20
DA:75,1
DA:76,1
DA:79,20
LF:26
LH:22
BRDA:45,0,0,0
BRDA:45,0,1,0
BRDA:61,1,0,1
BRDA:61,1,1,1
BRDA:70,2,0,1
BRDA:70,2,1,1
BRDA:76,3,0,0
BRDA:76,3,1,1
BRF:8
BRH:5
end_of_record
TN:
SF:lib/supabase.ts
FN:24,(anonymous_0)
FNF:1
FNH:0
FNDA:0,(anonymous_0)
DA:7,0
DA:8,0
DA:12,0
DA:24,0
DA:25,0
DA:26,0
DA:28,0
LF:7
LH:0
BRDA:7,0,0,0
BRDA:7,0,1,0
BRDA:8,1,0,0
BRDA:8,1,1,0
BRDA:25,2,0,0
BRDA:25,2,1,0
BRF:6
BRH:0
end_of_record
